::1 - - [02/Sep/2021:11:39:53 +0000] "GET / HTTP/1.1" 200 - "-" "Mozilla/5.0 (X11; Linux x86_64) AppleWebKit/537.36 (KHTML, like Gecko) Chrome/89.0.4389.128 Safari/537.36"
::1 - - [02/Sep/2021:11:39:53 +0000] "GET /css/main.css HTTP/1.1" 304 - "-" "Mozilla/5.0 (X11; Linux x86_64) AppleWebKit/537.36 (KHTML, like Gecko) Chrome/89.0.4389.128 Safari/537.36"
::1 - - [02/Sep/2021:11:39:53 +0000] "GET /css/product.css HTTP/1.1" 304 - "-" "Mozilla/5.0 (X11; Linux x86_64) AppleWebKit/537.36 (KHTML, like Gecko) Chrome/89.0.4389.128 Safari/537.36"
::1 - - [02/Sep/2021:11:39:53 +0000] "GET /js/main.js HTTP/1.1" 304 - "-" "Mozilla/5.0 (X11; Linux x86_64) AppleWebKit/537.36 (KHTML, like Gecko) Chrome/89.0.4389.128 Safari/537.36"
::1 - - [02/Sep/2021:11:57:11 +0000] "GET / HTTP/1.1" 200 - "-" "Mozilla/5.0 (X11; Linux x86_64) AppleWebKit/537.36 (KHTML, like Gecko) Chrome/89.0.4389.128 Safari/537.36"
::1 - - [02/Sep/2021:11:57:11 +0000] "GET /css/product.css HTTP/1.1" 200 415 "-" "Mozilla/5.0 (X11; Linux x86_64) AppleWebKit/537.36 (KHTML, like Gecko) Chrome/89.0.4389.128 Safari/537.36"
::1 - - [02/Sep/2021:11:57:11 +0000] "GET /css/main.css HTTP/1.1" 200 - "-" "Mozilla/5.0 (X11; Linux x86_64) AppleWebKit/537.36 (KHTML, like Gecko) Chrome/89.0.4389.128 Safari/537.36"
::1 - - [02/Sep/2021:11:57:11 +0000] "GET /js/main.js HTTP/1.1" 200 519 "-" "Mozilla/5.0 (X11; Linux x86_64) AppleWebKit/537.36 (KHTML, like Gecko) Chrome/89.0.4389.128 Safari/537.36"
::1 - - [02/Sep/2021:11:57:12 +0000] "GET /favicon.ico HTTP/1.1" 404 - "-" "Mozilla/5.0 (X11; Linux x86_64) AppleWebKit/537.36 (KHTML, like Gecko) Chrome/89.0.4389.128 Safari/537.36"
::1 - - [02/Sep/2021:11:57:49 +0000] "GET / HTTP/1.1" 200 - "-" "Mozilla/5.0 (X11; Linux x86_64) AppleWebKit/537.36 (KHTML, like Gecko) Chrome/89.0.4389.128 Safari/537.36"
::1 - - [02/Sep/2021:11:57:50 +0000] "GET /css/product.css HTTP/1.1" 304 - "-" "Mozilla/5.0 (X11; Linux x86_64) AppleWebKit/537.36 (KHTML, like Gecko) Chrome/89.0.4389.128 Safari/537.36"
::1 - - [02/Sep/2021:11:57:50 +0000] "GET /css/main.css HTTP/1.1" 304 - "-" "Mozilla/5.0 (X11; Linux x86_64) AppleWebKit/537.36 (KHTML, like Gecko) Chrome/89.0.4389.128 Safari/537.36"
::1 - - [02/Sep/2021:11:57:50 +0000] "GET /js/main.js HTTP/1.1" 304 - "-" "Mozilla/5.0 (X11; Linux x86_64) AppleWebKit/537.36 (KHTML, like Gecko) Chrome/89.0.4389.128 Safari/537.36"
::1 - - [02/Sep/2021:13:43:01 +0000] "GET / HTTP/1.1" 200 - "-" "Mozilla/5.0 (X11; Linux x86_64) AppleWebKit/537.36 (KHTML, like Gecko) Chrome/89.0.4389.128 Safari/537.36"
::1 - - [02/Sep/2021:13:43:01 +0000] "GET /css/product.css HTTP/1.1" 200 415 "-" "Mozilla/5.0 (X11; Linux x86_64) AppleWebKit/537.36 (KHTML, like Gecko) Chrome/89.0.4389.128 Safari/537.36"
::1 - - [02/Sep/2021:13:43:01 +0000] "GET /js/main.js HTTP/1.1" 304 - "-" "Mozilla/5.0 (X11; Linux x86_64) AppleWebKit/537.36 (KHTML, like Gecko) Chrome/89.0.4389.128 Safari/537.36"
::1 - - [02/Sep/2021:13:43:01 +0000] "GET /css/main.css HTTP/1.1" 200 - "-" "Mozilla/5.0 (X11; Linux x86_64) AppleWebKit/537.36 (KHTML, like Gecko) Chrome/89.0.4389.128 Safari/537.36"
::1 - - [02/Sep/2021:13:43:06 +0000] "GET /cart HTTP/1.1" 200 - "-" "Mozilla/5.0 (X11; Linux x86_64) AppleWebKit/537.36 (KHTML, like Gecko) Chrome/89.0.4389.128 Safari/537.36"
::1 - - [02/Sep/2021:13:43:06 +0000] "GET /css/main.css HTTP/1.1" 304 - "-" "Mozilla/5.0 (X11; Linux x86_64) AppleWebKit/537.36 (KHTML, like Gecko) Chrome/89.0.4389.128 Safari/537.36"
::1 - - [02/Sep/2021:13:43:06 +0000] "GET /js/main.js HTTP/1.1" 304 - "-" "Mozilla/5.0 (X11; Linux x86_64) AppleWebKit/537.36 (KHTML, like Gecko) Chrome/89.0.4389.128 Safari/537.36"
::1 - - [02/Sep/2021:13:43:06 +0000] "GET /css/cart.css HTTP/1.1" 200 629 "-" "Mozilla/5.0 (X11; Linux x86_64) AppleWebKit/537.36 (KHTML, like Gecko) Chrome/89.0.4389.128 Safari/537.36"
::1 - - [02/Sep/2021:13:43:24 +0000] "GET /checkout HTTP/1.1" 200 - "-" "Mozilla/5.0 (X11; Linux x86_64) AppleWebKit/537.36 (KHTML, like Gecko) Chrome/89.0.4389.128 Safari/537.36"
::1 - - [02/Sep/2021:13:43:24 +0000] "GET /css/main.css HTTP/1.1" 304 - "-" "Mozilla/5.0 (X11; Linux x86_64) AppleWebKit/537.36 (KHTML, like Gecko) Chrome/89.0.4389.128 Safari/537.36"
::1 - - [02/Sep/2021:13:43:24 +0000] "GET /css/cart.css HTTP/1.1" 304 - "-" "Mozilla/5.0 (X11; Linux x86_64) AppleWebKit/537.36 (KHTML, like Gecko) Chrome/89.0.4389.128 Safari/537.36"
::1 - - [02/Sep/2021:13:43:24 +0000] "GET /js/main.js HTTP/1.1" 304 - "-" "Mozilla/5.0 (X11; Linux x86_64) AppleWebKit/537.36 (KHTML, like Gecko) Chrome/89.0.4389.128 Safari/537.36"
::1 - - [02/Sep/2021:14:04:08 +0000] "GET /checkout HTTP/1.1" 500 - "-" "Mozilla/5.0 (X11; Linux x86_64) AppleWebKit/537.36 (KHTML, like Gecko) Chrome/89.0.4389.128 Safari/537.36"
::1 - - [02/Sep/2021:14:05:18 +0000] "GET /checkout HTTP/1.1" 500 - "-" "Mozilla/5.0 (X11; Linux x86_64) AppleWebKit/537.36 (KHTML, like Gecko) Chrome/89.0.4389.128 Safari/537.36"
::1 - - [02/Sep/2021:14:05:26 +0000] "GET /checkout HTTP/1.1" 500 - "-" "Mozilla/5.0 (X11; Linux x86_64) AppleWebKit/537.36 (KHTML, like Gecko) Chrome/89.0.4389.128 Safari/537.36"
::1 - - [02/Sep/2021:14:06:23 +0000] "GET /checkout HTTP/1.1" 200 - "-" "Mozilla/5.0 (X11; Linux x86_64) AppleWebKit/537.36 (KHTML, like Gecko) Chrome/89.0.4389.128 Safari/537.36"
::1 - - [02/Sep/2021:14:06:23 +0000] "GET /css/main.css HTTP/1.1" 304 - "-" "Mozilla/5.0 (X11; Linux x86_64) AppleWebKit/537.36 (KHTML, like Gecko) Chrome/89.0.4389.128 Safari/537.36"
::1 - - [02/Sep/2021:14:06:23 +0000] "GET /css/cart.css HTTP/1.1" 304 - "-" "Mozilla/5.0 (X11; Linux x86_64) AppleWebKit/537.36 (KHTML, like Gecko) Chrome/89.0.4389.128 Safari/537.36"
::1 - - [02/Sep/2021:14:06:23 +0000] "GET /js/main.js HTTP/1.1" 304 - "-" "Mozilla/5.0 (X11; Linux x86_64) AppleWebKit/537.36 (KHTML, like Gecko) Chrome/89.0.4389.128 Safari/537.36"
::1 - - [02/Sep/2021:14:07:39 +0000] "GET /checkout HTTP/1.1" 200 - "-" "Mozilla/5.0 (X11; Linux x86_64) AppleWebKit/537.36 (KHTML, like Gecko) Chrome/89.0.4389.128 Safari/537.36"
::1 - - [02/Sep/2021:14:07:39 +0000] "GET /css/main.css HTTP/1.1" 304 - "-" "Mozilla/5.0 (X11; Linux x86_64) AppleWebKit/537.36 (KHTML, like Gecko) Chrome/89.0.4389.128 Safari/537.36"
::1 - - [02/Sep/2021:14:07:39 +0000] "GET /css/cart.css HTTP/1.1" 304 - "-" "Mozilla/5.0 (X11; Linux x86_64) AppleWebKit/537.36 (KHTML, like Gecko) Chrome/89.0.4389.128 Safari/537.36"
::1 - - [02/Sep/2021:14:07:39 +0000] "GET /js/main.js HTTP/1.1" 304 - "-" "Mozilla/5.0 (X11; Linux x86_64) AppleWebKit/537.36 (KHTML, like Gecko) Chrome/89.0.4389.128 Safari/537.36"
::1 - - [02/Sep/2021:14:07:41 +0000] "POST /create-order HTTP/1.1" 403 - "-" "Mozilla/5.0 (X11; Linux x86_64) AppleWebKit/537.36 (KHTML, like Gecko) Chrome/89.0.4389.128 Safari/537.36"
::1 - - [02/Sep/2021:14:10:09 +0000] "POST /create-order HTTP/1.1" 403 - "-" "Mozilla/5.0 (X11; Linux x86_64) AppleWebKit/537.36 (KHTML, like Gecko) Chrome/89.0.4389.128 Safari/537.36"
::1 - - [02/Sep/2021:14:18:01 +0000] "GET /checkout HTTP/1.1" 200 - "-" "Mozilla/5.0 (X11; Linux x86_64) AppleWebKit/537.36 (KHTML, like Gecko) Chrome/89.0.4389.128 Safari/537.36"
::1 - - [02/Sep/2021:14:18:01 +0000] "GET /css/main.css HTTP/1.1" 304 - "-" "Mozilla/5.0 (X11; Linux x86_64) AppleWebKit/537.36 (KHTML, like Gecko) Chrome/89.0.4389.128 Safari/537.36"
::1 - - [02/Sep/2021:14:18:01 +0000] "GET /css/cart.css HTTP/1.1" 304 - "-" "Mozilla/5.0 (X11; Linux x86_64) AppleWebKit/537.36 (KHTML, like Gecko) Chrome/89.0.4389.128 Safari/537.36"
::1 - - [02/Sep/2021:14:18:01 +0000] "GET /js/main.js HTTP/1.1" 304 - "-" "Mozilla/5.0 (X11; Linux x86_64) AppleWebKit/537.36 (KHTML, like Gecko) Chrome/89.0.4389.128 Safari/537.36"
::1 - - [02/Sep/2021:14:18:07 +0000] "GET /orders HTTP/1.1" 500 - "-" "Mozilla/5.0 (X11; Linux x86_64) AppleWebKit/537.36 (KHTML, like Gecko) Chrome/89.0.4389.128 Safari/537.36"
::1 - - [02/Sep/2021:14:18:26 +0000] "GET /orders HTTP/1.1" 500 - "-" "Mozilla/5.0 (X11; Linux x86_64) AppleWebKit/537.36 (KHTML, like Gecko) Chrome/89.0.4389.128 Safari/537.36"
::1 - - [02/Sep/2021:14:18:36 +0000] "GET /orders HTTP/1.1" 500 - "-" "Mozilla/5.0 (X11; Linux x86_64) AppleWebKit/537.36 (KHTML, like Gecko) Chrome/89.0.4389.128 Safari/537.36"
::1 - - [02/Sep/2021:14:18:50 +0000] "GET /orders HTTP/1.1" 200 - "-" "Mozilla/5.0 (X11; Linux x86_64) AppleWebKit/537.36 (KHTML, like Gecko) Chrome/89.0.4389.128 Safari/537.36"
::1 - - [02/Sep/2021:14:18:50 +0000] "GET /css/main.css HTTP/1.1" 304 - "-" "Mozilla/5.0 (X11; Linux x86_64) AppleWebKit/537.36 (KHTML, like Gecko) Chrome/89.0.4389.128 Safari/537.36"
::1 - - [02/Sep/2021:14:18:50 +0000] "GET /js/main.js HTTP/1.1" 304 - "-" "Mozilla/5.0 (X11; Linux x86_64) AppleWebKit/537.36 (KHTML, like Gecko) Chrome/89.0.4389.128 Safari/537.36"
::1 - - [02/Sep/2021:14:18:50 +0000] "GET /css/orders.css HTTP/1.1" 200 670 "-" "Mozilla/5.0 (X11; Linux x86_64) AppleWebKit/537.36 (KHTML, like Gecko) Chrome/89.0.4389.128 Safari/537.36"
::1 - - [02/Sep/2021:14:18:55 +0000] "GET /cart HTTP/1.1" 200 - "-" "Mozilla/5.0 (X11; Linux x86_64) AppleWebKit/537.36 (KHTML, like Gecko) Chrome/89.0.4389.128 Safari/537.36"
::1 - - [02/Sep/2021:14:18:56 +0000] "GET /css/main.css HTTP/1.1" 304 - "-" "Mozilla/5.0 (X11; Linux x86_64) AppleWebKit/537.36 (KHTML, like Gecko) Chrome/89.0.4389.128 Safari/537.36"
::1 - - [02/Sep/2021:14:18:56 +0000] "GET /css/cart.css HTTP/1.1" 304 - "-" "Mozilla/5.0 (X11; Linux x86_64) AppleWebKit/537.36 (KHTML, like Gecko) Chrome/89.0.4389.128 Safari/537.36"
::1 - - [02/Sep/2021:14:18:56 +0000] "GET /js/main.js HTTP/1.1" 304 - "-" "Mozilla/5.0 (X11; Linux x86_64) AppleWebKit/537.36 (KHTML, like Gecko) Chrome/89.0.4389.128 Safari/537.36"
::1 - - [02/Sep/2021:14:18:59 +0000] "GET /checkout HTTP/1.1" 200 - "-" "Mozilla/5.0 (X11; Linux x86_64) AppleWebKit/537.36 (KHTML, like Gecko) Chrome/89.0.4389.128 Safari/537.36"
::1 - - [02/Sep/2021:14:19:00 +0000] "GET /css/main.css HTTP/1.1" 304 - "-" "Mozilla/5.0 (X11; Linux x86_64) AppleWebKit/537.36 (KHTML, like Gecko) Chrome/89.0.4389.128 Safari/537.36"
::1 - - [02/Sep/2021:14:19:00 +0000] "GET /css/cart.css HTTP/1.1" 304 - "-" "Mozilla/5.0 (X11; Linux x86_64) AppleWebKit/537.36 (KHTML, like Gecko) Chrome/89.0.4389.128 Safari/537.36"
::1 - - [02/Sep/2021:14:19:00 +0000] "GET /js/main.js HTTP/1.1" 304 - "-" "Mozilla/5.0 (X11; Linux x86_64) AppleWebKit/537.36 (KHTML, like Gecko) Chrome/89.0.4389.128 Safari/537.36"
::1 - - [02/Sep/2021:14:19:02 +0000] "GET /orders HTTP/1.1" 200 - "-" "Mozilla/5.0 (X11; Linux x86_64) AppleWebKit/537.36 (KHTML, like Gecko) Chrome/89.0.4389.128 Safari/537.36"
::1 - - [02/Sep/2021:14:19:02 +0000] "GET /css/main.css HTTP/1.1" 304 - "-" "Mozilla/5.0 (X11; Linux x86_64) AppleWebKit/537.36 (KHTML, like Gecko) Chrome/89.0.4389.128 Safari/537.36"
::1 - - [02/Sep/2021:14:19:02 +0000] "GET /css/orders.css HTTP/1.1" 304 - "-" "Mozilla/5.0 (X11; Linux x86_64) AppleWebKit/537.36 (KHTML, like Gecko) Chrome/89.0.4389.128 Safari/537.36"
::1 - - [02/Sep/2021:14:19:02 +0000] "GET /js/main.js HTTP/1.1" 304 - "-" "Mozilla/5.0 (X11; Linux x86_64) AppleWebKit/537.36 (KHTML, like Gecko) Chrome/89.0.4389.128 Safari/537.36"
::1 - - [02/Sep/2021:14:19:05 +0000] "GET /cart HTTP/1.1" 200 - "-" "Mozilla/5.0 (X11; Linux x86_64) AppleWebKit/537.36 (KHTML, like Gecko) Chrome/89.0.4389.128 Safari/537.36"
::1 - - [02/Sep/2021:14:19:05 +0000] "GET /css/main.css HTTP/1.1" 304 - "-" "Mozilla/5.0 (X11; Linux x86_64) AppleWebKit/537.36 (KHTML, like Gecko) Chrome/89.0.4389.128 Safari/537.36"
::1 - - [02/Sep/2021:14:19:05 +0000] "GET /css/cart.css HTTP/1.1" 304 - "-" "Mozilla/5.0 (X11; Linux x86_64) AppleWebKit/537.36 (KHTML, like Gecko) Chrome/89.0.4389.128 Safari/537.36"
::1 - - [02/Sep/2021:14:19:05 +0000] "GET /js/main.js HTTP/1.1" 304 - "-" "Mozilla/5.0 (X11; Linux x86_64) AppleWebKit/537.36 (KHTML, like Gecko) Chrome/89.0.4389.128 Safari/537.36"
::1 - - [02/Sep/2021:14:19:08 +0000] "GET /checkout HTTP/1.1" 200 - "-" "Mozilla/5.0 (X11; Linux x86_64) AppleWebKit/537.36 (KHTML, like Gecko) Chrome/89.0.4389.128 Safari/537.36"
::1 - - [02/Sep/2021:14:19:08 +0000] "GET /css/main.css HTTP/1.1" 304 - "-" "Mozilla/5.0 (X11; Linux x86_64) AppleWebKit/537.36 (KHTML, like Gecko) Chrome/89.0.4389.128 Safari/537.36"
::1 - - [02/Sep/2021:14:19:08 +0000] "GET /css/cart.css HTTP/1.1" 304 - "-" "Mozilla/5.0 (X11; Linux x86_64) AppleWebKit/537.36 (KHTML, like Gecko) Chrome/89.0.4389.128 Safari/537.36"
::1 - - [02/Sep/2021:14:19:08 +0000] "GET /js/main.js HTTP/1.1" 304 - "-" "Mozilla/5.0 (X11; Linux x86_64) AppleWebKit/537.36 (KHTML, like Gecko) Chrome/89.0.4389.128 Safari/537.36"
::1 - - [02/Sep/2021:14:19:12 +0000] "GET /cart HTTP/1.1" 200 - "-" "Mozilla/5.0 (X11; Linux x86_64) AppleWebKit/537.36 (KHTML, like Gecko) Chrome/89.0.4389.128 Safari/537.36"
::1 - - [02/Sep/2021:14:19:12 +0000] "GET /css/main.css HTTP/1.1" 304 - "-" "Mozilla/5.0 (X11; Linux x86_64) AppleWebKit/537.36 (KHTML, like Gecko) Chrome/89.0.4389.128 Safari/537.36"
::1 - - [02/Sep/2021:14:19:12 +0000] "GET /css/cart.css HTTP/1.1" 304 - "-" "Mozilla/5.0 (X11; Linux x86_64) AppleWebKit/537.36 (KHTML, like Gecko) Chrome/89.0.4389.128 Safari/537.36"
::1 - - [02/Sep/2021:14:19:12 +0000] "GET /js/main.js HTTP/1.1" 304 - "-" "Mozilla/5.0 (X11; Linux x86_64) AppleWebKit/537.36 (KHTML, like Gecko) Chrome/89.0.4389.128 Safari/537.36"
::1 - - [02/Sep/2021:14:19:16 +0000] "GET /cart HTTP/1.1" 200 - "-" "Mozilla/5.0 (X11; Linux x86_64) AppleWebKit/537.36 (KHTML, like Gecko) Chrome/89.0.4389.128 Safari/537.36"
::1 - - [02/Sep/2021:14:19:16 +0000] "GET /css/main.css HTTP/1.1" 304 - "-" "Mozilla/5.0 (X11; Linux x86_64) AppleWebKit/537.36 (KHTML, like Gecko) Chrome/89.0.4389.128 Safari/537.36"
::1 - - [02/Sep/2021:14:19:16 +0000] "GET /css/cart.css HTTP/1.1" 304 - "-" "Mozilla/5.0 (X11; Linux x86_64) AppleWebKit/537.36 (KHTML, like Gecko) Chrome/89.0.4389.128 Safari/537.36"
::1 - - [02/Sep/2021:14:19:16 +0000] "GET /js/main.js HTTP/1.1" 304 - "-" "Mozilla/5.0 (X11; Linux x86_64) AppleWebKit/537.36 (KHTML, like Gecko) Chrome/89.0.4389.128 Safari/537.36"
::1 - - [02/Sep/2021:14:19:38 +0000] "GET /orders HTTP/1.1" 200 - "-" "Mozilla/5.0 (X11; Linux x86_64) AppleWebKit/537.36 (KHTML, like Gecko) Chrome/89.0.4389.128 Safari/537.36"
::1 - - [02/Sep/2021:14:19:38 +0000] "GET /css/main.css HTTP/1.1" 304 - "-" "Mozilla/5.0 (X11; Linux x86_64) AppleWebKit/537.36 (KHTML, like Gecko) Chrome/89.0.4389.128 Safari/537.36"
::1 - - [02/Sep/2021:14:19:38 +0000] "GET /css/orders.css HTTP/1.1" 304 - "-" "Mozilla/5.0 (X11; Linux x86_64) AppleWebKit/537.36 (KHTML, like Gecko) Chrome/89.0.4389.128 Safari/537.36"
::1 - - [02/Sep/2021:14:19:38 +0000] "GET /js/main.js HTTP/1.1" 304 - "-" "Mozilla/5.0 (X11; Linux x86_64) AppleWebKit/537.36 (KHTML, like Gecko) Chrome/89.0.4389.128 Safari/537.36"
::1 - - [02/Sep/2021:14:19:41 +0000] "GET /cart HTTP/1.1" 200 - "-" "Mozilla/5.0 (X11; Linux x86_64) AppleWebKit/537.36 (KHTML, like Gecko) Chrome/89.0.4389.128 Safari/537.36"
::1 - - [02/Sep/2021:14:19:41 +0000] "GET /css/main.css HTTP/1.1" 304 - "-" "Mozilla/5.0 (X11; Linux x86_64) AppleWebKit/537.36 (KHTML, like Gecko) Chrome/89.0.4389.128 Safari/537.36"
::1 - - [02/Sep/2021:14:19:41 +0000] "GET /css/cart.css HTTP/1.1" 304 - "-" "Mozilla/5.0 (X11; Linux x86_64) AppleWebKit/537.36 (KHTML, like Gecko) Chrome/89.0.4389.128 Safari/537.36"
::1 - - [02/Sep/2021:14:19:41 +0000] "GET /js/main.js HTTP/1.1" 304 - "-" "Mozilla/5.0 (X11; Linux x86_64) AppleWebKit/537.36 (KHTML, like Gecko) Chrome/89.0.4389.128 Safari/537.36"
::1 - - [02/Sep/2021:14:31:54 +0000] "GET /cart HTTP/1.1" 200 - "-" "Mozilla/5.0 (X11; Linux x86_64) AppleWebKit/537.36 (KHTML, like Gecko) Chrome/89.0.4389.128 Safari/537.36"
::1 - - [02/Sep/2021:14:31:54 +0000] "GET /css/main.css HTTP/1.1" 304 - "-" "Mozilla/5.0 (X11; Linux x86_64) AppleWebKit/537.36 (KHTML, like Gecko) Chrome/89.0.4389.128 Safari/537.36"
::1 - - [02/Sep/2021:14:31:54 +0000] "GET /css/cart.css HTTP/1.1" 304 - "-" "Mozilla/5.0 (X11; Linux x86_64) AppleWebKit/537.36 (KHTML, like Gecko) Chrome/89.0.4389.128 Safari/537.36"
::1 - - [02/Sep/2021:14:31:54 +0000] "GET /js/main.js HTTP/1.1" 304 - "-" "Mozilla/5.0 (X11; Linux x86_64) AppleWebKit/537.36 (KHTML, like Gecko) Chrome/89.0.4389.128 Safari/537.36"
::1 - - [02/Sep/2021:14:31:56 +0000] "GET /checkout HTTP/1.1" 200 - "-" "Mozilla/5.0 (X11; Linux x86_64) AppleWebKit/537.36 (KHTML, like Gecko) Chrome/89.0.4389.128 Safari/537.36"
::1 - - [02/Sep/2021:14:31:56 +0000] "GET /css/main.css HTTP/1.1" 304 - "-" "Mozilla/5.0 (X11; Linux x86_64) AppleWebKit/537.36 (KHTML, like Gecko) Chrome/89.0.4389.128 Safari/537.36"
::1 - - [02/Sep/2021:14:31:56 +0000] "GET /css/cart.css HTTP/1.1" 304 - "-" "Mozilla/5.0 (X11; Linux x86_64) AppleWebKit/537.36 (KHTML, like Gecko) Chrome/89.0.4389.128 Safari/537.36"
::1 - - [02/Sep/2021:14:31:56 +0000] "GET /js/main.js HTTP/1.1" 304 - "-" "Mozilla/5.0 (X11; Linux x86_64) AppleWebKit/537.36 (KHTML, like Gecko) Chrome/89.0.4389.128 Safari/537.36"
::1 - - [02/Sep/2021:14:32:02 +0000] "GET /orders HTTP/1.1" 200 - "-" "Mozilla/5.0 (X11; Linux x86_64) AppleWebKit/537.36 (KHTML, like Gecko) Chrome/89.0.4389.128 Safari/537.36"
::1 - - [02/Sep/2021:14:32:02 +0000] "GET /css/main.css HTTP/1.1" 304 - "-" "Mozilla/5.0 (X11; Linux x86_64) AppleWebKit/537.36 (KHTML, like Gecko) Chrome/89.0.4389.128 Safari/537.36"
::1 - - [02/Sep/2021:14:32:02 +0000] "GET /css/orders.css HTTP/1.1" 304 - "-" "Mozilla/5.0 (X11; Linux x86_64) AppleWebKit/537.36 (KHTML, like Gecko) Chrome/89.0.4389.128 Safari/537.36"
::1 - - [02/Sep/2021:14:32:02 +0000] "GET /js/main.js HTTP/1.1" 304 - "-" "Mozilla/5.0 (X11; Linux x86_64) AppleWebKit/537.36 (KHTML, like Gecko) Chrome/89.0.4389.128 Safari/537.36"
::1 - - [02/Sep/2021:14:32:09 +0000] "GET /cart HTTP/1.1" 200 - "-" "Mozilla/5.0 (X11; Linux x86_64) AppleWebKit/537.36 (KHTML, like Gecko) Chrome/89.0.4389.128 Safari/537.36"
::1 - - [02/Sep/2021:14:32:09 +0000] "GET /css/main.css HTTP/1.1" 304 - "-" "Mozilla/5.0 (X11; Linux x86_64) AppleWebKit/537.36 (KHTML, like Gecko) Chrome/89.0.4389.128 Safari/537.36"
::1 - - [02/Sep/2021:14:32:09 +0000] "GET /css/cart.css HTTP/1.1" 304 - "-" "Mozilla/5.0 (X11; Linux x86_64) AppleWebKit/537.36 (KHTML, like Gecko) Chrome/89.0.4389.128 Safari/537.36"
::1 - - [02/Sep/2021:14:32:09 +0000] "GET /js/main.js HTTP/1.1" 304 - "-" "Mozilla/5.0 (X11; Linux x86_64) AppleWebKit/537.36 (KHTML, like Gecko) Chrome/89.0.4389.128 Safari/537.36"
::1 - - [02/Sep/2021:14:32:12 +0000] "GET /checkout HTTP/1.1" 200 - "-" "Mozilla/5.0 (X11; Linux x86_64) AppleWebKit/537.36 (KHTML, like Gecko) Chrome/89.0.4389.128 Safari/537.36"
::1 - - [02/Sep/2021:14:32:12 +0000] "GET /css/main.css HTTP/1.1" 304 - "-" "Mozilla/5.0 (X11; Linux x86_64) AppleWebKit/537.36 (KHTML, like Gecko) Chrome/89.0.4389.128 Safari/537.36"
::1 - - [02/Sep/2021:14:32:12 +0000] "GET /css/cart.css HTTP/1.1" 304 - "-" "Mozilla/5.0 (X11; Linux x86_64) AppleWebKit/537.36 (KHTML, like Gecko) Chrome/89.0.4389.128 Safari/537.36"
::1 - - [02/Sep/2021:14:32:12 +0000] "GET /js/main.js HTTP/1.1" 304 - "-" "Mozilla/5.0 (X11; Linux x86_64) AppleWebKit/537.36 (KHTML, like Gecko) Chrome/89.0.4389.128 Safari/537.36"
::1 - - [02/Sep/2021:14:32:18 +0000] "GET /css/main.css HTTP/1.1" 304 - "-" "Mozilla/5.0 (X11; Linux x86_64) AppleWebKit/537.36 (KHTML, like Gecko) Chrome/89.0.4389.128 Safari/537.36"
::1 - - [02/Sep/2021:14:32:18 +0000] "GET /css/cart.css HTTP/1.1" 304 - "-" "Mozilla/5.0 (X11; Linux x86_64) AppleWebKit/537.36 (KHTML, like Gecko) Chrome/89.0.4389.128 Safari/537.36"
::1 - - [02/Sep/2021:14:35:40 +0000] "GET /checkout HTTP/1.1" 200 - "-" "Mozilla/5.0 (iPhone; CPU iPhone OS 13_2_3 like Mac OS X) AppleWebKit/605.1.15 (KHTML, like Gecko) Version/13.0.3 Mobile/15E148 Safari/604.1"
::1 - - [02/Sep/2021:14:35:40 +0000] "GET /css/main.css HTTP/1.1" 304 - "-" "Mozilla/5.0 (iPhone; CPU iPhone OS 13_2_3 like Mac OS X) AppleWebKit/605.1.15 (KHTML, like Gecko) Version/13.0.3 Mobile/15E148 Safari/604.1"
::1 - - [02/Sep/2021:14:35:40 +0000] "GET /css/cart.css HTTP/1.1" 304 - "-" "Mozilla/5.0 (iPhone; CPU iPhone OS 13_2_3 like Mac OS X) AppleWebKit/605.1.15 (KHTML, like Gecko) Version/13.0.3 Mobile/15E148 Safari/604.1"
::1 - - [02/Sep/2021:14:35:40 +0000] "GET /js/main.js HTTP/1.1" 304 - "-" "Mozilla/5.0 (iPhone; CPU iPhone OS 13_2_3 like Mac OS X) AppleWebKit/605.1.15 (KHTML, like Gecko) Version/13.0.3 Mobile/15E148 Safari/604.1"
::1 - - [02/Sep/2021:14:40:02 +0000] "GET /checkout HTTP/1.1" 200 - "-" "Mozilla/5.0 (iPhone; CPU iPhone OS 13_2_3 like Mac OS X) AppleWebKit/605.1.15 (KHTML, like Gecko) Version/13.0.3 Mobile/15E148 Safari/604.1"
::1 - - [02/Sep/2021:14:40:02 +0000] "GET /css/main.css HTTP/1.1" 304 - "-" "Mozilla/5.0 (iPhone; CPU iPhone OS 13_2_3 like Mac OS X) AppleWebKit/605.1.15 (KHTML, like Gecko) Version/13.0.3 Mobile/15E148 Safari/604.1"
::1 - - [02/Sep/2021:14:40:02 +0000] "GET /css/cart.css HTTP/1.1" 304 - "-" "Mozilla/5.0 (iPhone; CPU iPhone OS 13_2_3 like Mac OS X) AppleWebKit/605.1.15 (KHTML, like Gecko) Version/13.0.3 Mobile/15E148 Safari/604.1"
::1 - - [02/Sep/2021:14:40:02 +0000] "GET /js/main.js HTTP/1.1" 304 - "-" "Mozilla/5.0 (iPhone; CPU iPhone OS 13_2_3 like Mac OS X) AppleWebKit/605.1.15 (KHTML, like Gecko) Version/13.0.3 Mobile/15E148 Safari/604.1"
::1 - - [02/Sep/2021:14:41:56 +0000] "GET /checkout HTTP/1.1" 200 - "-" "Mozilla/5.0 (iPhone; CPU iPhone OS 13_2_3 like Mac OS X) AppleWebKit/605.1.15 (KHTML, like Gecko) Version/13.0.3 Mobile/15E148 Safari/604.1"
::1 - - [02/Sep/2021:14:41:56 +0000] "GET /css/main.css HTTP/1.1" 304 - "-" "Mozilla/5.0 (iPhone; CPU iPhone OS 13_2_3 like Mac OS X) AppleWebKit/605.1.15 (KHTML, like Gecko) Version/13.0.3 Mobile/15E148 Safari/604.1"
::1 - - [02/Sep/2021:14:41:56 +0000] "GET /css/cart.css HTTP/1.1" 304 - "-" "Mozilla/5.0 (iPhone; CPU iPhone OS 13_2_3 like Mac OS X) AppleWebKit/605.1.15 (KHTML, like Gecko) Version/13.0.3 Mobile/15E148 Safari/604.1"
::1 - - [02/Sep/2021:14:41:56 +0000] "GET /js/main.js HTTP/1.1" 304 - "-" "Mozilla/5.0 (iPhone; CPU iPhone OS 13_2_3 like Mac OS X) AppleWebKit/605.1.15 (KHTML, like Gecko) Version/13.0.3 Mobile/15E148 Safari/604.1"
::1 - - [02/Sep/2021:14:42:41 +0000] "GET /checkout HTTP/1.1" 200 - "-" "Mozilla/5.0 (iPhone; CPU iPhone OS 13_2_3 like Mac OS X) AppleWebKit/605.1.15 (KHTML, like Gecko) Version/13.0.3 Mobile/15E148 Safari/604.1"
::1 - - [02/Sep/2021:14:42:41 +0000] "GET /css/main.css HTTP/1.1" 304 - "-" "Mozilla/5.0 (iPhone; CPU iPhone OS 13_2_3 like Mac OS X) AppleWebKit/605.1.15 (KHTML, like Gecko) Version/13.0.3 Mobile/15E148 Safari/604.1"
::1 - - [02/Sep/2021:14:42:41 +0000] "GET /css/cart.css HTTP/1.1" 304 - "-" "Mozilla/5.0 (iPhone; CPU iPhone OS 13_2_3 like Mac OS X) AppleWebKit/605.1.15 (KHTML, like Gecko) Version/13.0.3 Mobile/15E148 Safari/604.1"
::1 - - [02/Sep/2021:14:42:41 +0000] "GET /js/main.js HTTP/1.1" 304 - "-" "Mozilla/5.0 (iPhone; CPU iPhone OS 13_2_3 like Mac OS X) AppleWebKit/605.1.15 (KHTML, like Gecko) Version/13.0.3 Mobile/15E148 Safari/604.1"
::1 - - [02/Sep/2021:14:46:00 +0000] "GET /checkout HTTP/1.1" 200 - "-" "Mozilla/5.0 (iPhone; CPU iPhone OS 13_2_3 like Mac OS X) AppleWebKit/605.1.15 (KHTML, like Gecko) Version/13.0.3 Mobile/15E148 Safari/604.1"
::1 - - [02/Sep/2021:14:46:01 +0000] "GET /css/main.css HTTP/1.1" 304 - "-" "Mozilla/5.0 (iPhone; CPU iPhone OS 13_2_3 like Mac OS X) AppleWebKit/605.1.15 (KHTML, like Gecko) Version/13.0.3 Mobile/15E148 Safari/604.1"
::1 - - [02/Sep/2021:14:46:01 +0000] "GET /css/cart.css HTTP/1.1" 304 - "-" "Mozilla/5.0 (iPhone; CPU iPhone OS 13_2_3 like Mac OS X) AppleWebKit/605.1.15 (KHTML, like Gecko) Version/13.0.3 Mobile/15E148 Safari/604.1"
::1 - - [02/Sep/2021:14:46:01 +0000] "GET /js/main.js HTTP/1.1" 304 - "-" "Mozilla/5.0 (iPhone; CPU iPhone OS 13_2_3 like Mac OS X) AppleWebKit/605.1.15 (KHTML, like Gecko) Version/13.0.3 Mobile/15E148 Safari/604.1"
::1 - - [02/Sep/2021:14:47:34 +0000] "GET /checkout HTTP/1.1" 200 - "-" "Mozilla/5.0 (iPhone; CPU iPhone OS 13_2_3 like Mac OS X) AppleWebKit/605.1.15 (KHTML, like Gecko) Version/13.0.3 Mobile/15E148 Safari/604.1"
::1 - - [02/Sep/2021:14:47:34 +0000] "GET /css/main.css HTTP/1.1" 304 - "-" "Mozilla/5.0 (iPhone; CPU iPhone OS 13_2_3 like Mac OS X) AppleWebKit/605.1.15 (KHTML, like Gecko) Version/13.0.3 Mobile/15E148 Safari/604.1"
::1 - - [02/Sep/2021:14:47:34 +0000] "GET /css/cart.css HTTP/1.1" 304 - "-" "Mozilla/5.0 (iPhone; CPU iPhone OS 13_2_3 like Mac OS X) AppleWebKit/605.1.15 (KHTML, like Gecko) Version/13.0.3 Mobile/15E148 Safari/604.1"
::1 - - [02/Sep/2021:15:04:31 +0000] "GET / HTTP/1.1" 200 - "-" "Mozilla/5.0 (X11; Linux x86_64) AppleWebKit/537.36 (KHTML, like Gecko) Chrome/89.0.4389.128 Safari/537.36"
::1 - - [02/Sep/2021:15:04:31 +0000] "GET /css/main.css HTTP/1.1" 304 - "-" "Mozilla/5.0 (X11; Linux x86_64) AppleWebKit/537.36 (KHTML, like Gecko) Chrome/89.0.4389.128 Safari/537.36"
::1 - - [02/Sep/2021:15:04:31 +0000] "GET /css/product.css HTTP/1.1" 304 - "-" "Mozilla/5.0 (X11; Linux x86_64) AppleWebKit/537.36 (KHTML, like Gecko) Chrome/89.0.4389.128 Safari/537.36"
::1 - - [02/Sep/2021:15:04:31 +0000] "GET /js/main.js HTTP/1.1" 304 - "-" "Mozilla/5.0 (X11; Linux x86_64) AppleWebKit/537.36 (KHTML, like Gecko) Chrome/89.0.4389.128 Safari/537.36"
::1 - - [02/Sep/2021:15:04:47 +0000] "GET /cart HTTP/1.1" 200 - "-" "Mozilla/5.0 (X11; Linux x86_64) AppleWebKit/537.36 (KHTML, like Gecko) Chrome/89.0.4389.128 Safari/537.36"
::1 - - [02/Sep/2021:15:04:47 +0000] "GET /css/main.css HTTP/1.1" 304 - "-" "Mozilla/5.0 (X11; Linux x86_64) AppleWebKit/537.36 (KHTML, like Gecko) Chrome/89.0.4389.128 Safari/537.36"
::1 - - [02/Sep/2021:15:04:47 +0000] "GET /js/main.js HTTP/1.1" 304 - "-" "Mozilla/5.0 (X11; Linux x86_64) AppleWebKit/537.36 (KHTML, like Gecko) Chrome/89.0.4389.128 Safari/537.36"
::1 - - [02/Sep/2021:15:04:47 +0000] "GET /css/cart.css HTTP/1.1" 304 - "-" "Mozilla/5.0 (X11; Linux x86_64) AppleWebKit/537.36 (KHTML, like Gecko) Chrome/89.0.4389.128 Safari/537.36"
::1 - - [02/Sep/2021:15:04:59 +0000] "GET /checkout HTTP/1.1" 200 - "-" "Mozilla/5.0 (X11; Linux x86_64) AppleWebKit/537.36 (KHTML, like Gecko) Chrome/89.0.4389.128 Safari/537.36"
::1 - - [02/Sep/2021:15:04:59 +0000] "GET /css/main.css HTTP/1.1" 304 - "-" "Mozilla/5.0 (X11; Linux x86_64) AppleWebKit/537.36 (KHTML, like Gecko) Chrome/89.0.4389.128 Safari/537.36"
::1 - - [02/Sep/2021:15:04:59 +0000] "GET /css/cart.css HTTP/1.1" 304 - "-" "Mozilla/5.0 (X11; Linux x86_64) AppleWebKit/537.36 (KHTML, like Gecko) Chrome/89.0.4389.128 Safari/537.36"
::1 - - [02/Sep/2021:15:04:59 +0000] "GET /js/main.js HTTP/1.1" 304 - "-" "Mozilla/5.0 (X11; Linux x86_64) AppleWebKit/537.36 (KHTML, like Gecko) Chrome/89.0.4389.128 Safari/537.36"
::1 - - [02/Sep/2021:15:06:13 +0000] "GET /css/main.css HTTP/1.1" 304 - "-" "Mozilla/5.0 (X11; Linux x86_64) AppleWebKit/537.36 (KHTML, like Gecko) Chrome/89.0.4389.128 Safari/537.36"
::1 - - [02/Sep/2021:15:06:13 +0000] "GET /css/cart.css HTTP/1.1" 304 - "-" "Mozilla/5.0 (X11; Linux x86_64) AppleWebKit/537.36 (KHTML, like Gecko) Chrome/89.0.4389.128 Safari/537.36"
::1 - - [02/Sep/2021:15:07:50 +0000] "GET /checkout HTTP/1.1" 200 - "-" "Mozilla/5.0 (iPhone; CPU iPhone OS 13_2_3 like Mac OS X) AppleWebKit/605.1.15 (KHTML, like Gecko) Version/13.0.3 Mobile/15E148 Safari/604.1"
::1 - - [02/Sep/2021:15:07:50 +0000] "GET /css/main.css HTTP/1.1" 304 - "http://localhost:3000/checkout" "Mozilla/5.0 (iPhone; CPU iPhone OS 13_2_3 like Mac OS X) AppleWebKit/605.1.15 (KHTML, like Gecko) Version/13.0.3 Mobile/15E148 Safari/604.1"
::1 - - [02/Sep/2021:15:07:50 +0000] "GET /css/cart.css HTTP/1.1" 304 - "http://localhost:3000/checkout" "Mozilla/5.0 (iPhone; CPU iPhone OS 13_2_3 like Mac OS X) AppleWebKit/605.1.15 (KHTML, like Gecko) Version/13.0.3 Mobile/15E148 Safari/604.1"
::1 - - [02/Sep/2021:15:07:50 +0000] "GET /js/main.js HTTP/1.1" 304 - "http://localhost:3000/checkout" "Mozilla/5.0 (iPhone; CPU iPhone OS 13_2_3 like Mac OS X) AppleWebKit/605.1.15 (KHTML, like Gecko) Version/13.0.3 Mobile/15E148 Safari/604.1"
::1 - - [02/Sep/2021:15:08:18 +0000] "GET /checkout/cancel HTTP/1.1" 200 - "-" "Mozilla/5.0 (iPhone; CPU iPhone OS 13_2_3 like Mac OS X) AppleWebKit/605.1.15 (KHTML, like Gecko) Version/13.0.3 Mobile/15E148 Safari/604.1"
::1 - - [02/Sep/2021:15:08:18 +0000] "GET /css/main.css HTTP/1.1" 304 - "http://localhost:3000/checkout/cancel" "Mozilla/5.0 (iPhone; CPU iPhone OS 13_2_3 like Mac OS X) AppleWebKit/605.1.15 (KHTML, like Gecko) Version/13.0.3 Mobile/15E148 Safari/604.1"
::1 - - [02/Sep/2021:15:08:18 +0000] "GET /css/cart.css HTTP/1.1" 304 - "http://localhost:3000/checkout/cancel" "Mozilla/5.0 (iPhone; CPU iPhone OS 13_2_3 like Mac OS X) AppleWebKit/605.1.15 (KHTML, like Gecko) Version/13.0.3 Mobile/15E148 Safari/604.1"
::1 - - [02/Sep/2021:15:08:18 +0000] "GET /js/main.js HTTP/1.1" 304 - "http://localhost:3000/checkout/cancel" "Mozilla/5.0 (iPhone; CPU iPhone OS 13_2_3 like Mac OS X) AppleWebKit/605.1.15 (KHTML, like Gecko) Version/13.0.3 Mobile/15E148 Safari/604.1"
::1 - - [02/Sep/2021:15:09:36 +0000] "GET /cart HTTP/1.1" 200 - "http://localhost:3000/checkout/cancel" "Mozilla/5.0 (iPhone; CPU iPhone OS 13_2_3 like Mac OS X) AppleWebKit/605.1.15 (KHTML, like Gecko) Version/13.0.3 Mobile/15E148 Safari/604.1"
::1 - - [02/Sep/2021:15:09:37 +0000] "GET /css/main.css HTTP/1.1" 304 - "http://localhost:3000/cart" "Mozilla/5.0 (iPhone; CPU iPhone OS 13_2_3 like Mac OS X) AppleWebKit/605.1.15 (KHTML, like Gecko) Version/13.0.3 Mobile/15E148 Safari/604.1"
::1 - - [02/Sep/2021:15:09:37 +0000] "GET /css/cart.css HTTP/1.1" 304 - "http://localhost:3000/cart" "Mozilla/5.0 (iPhone; CPU iPhone OS 13_2_3 like Mac OS X) AppleWebKit/605.1.15 (KHTML, like Gecko) Version/13.0.3 Mobile/15E148 Safari/604.1"
::1 - - [02/Sep/2021:15:09:37 +0000] "GET /js/main.js HTTP/1.1" 304 - "http://localhost:3000/cart" "Mozilla/5.0 (iPhone; CPU iPhone OS 13_2_3 like Mac OS X) AppleWebKit/605.1.15 (KHTML, like Gecko) Version/13.0.3 Mobile/15E148 Safari/604.1"
::1 - - [02/Sep/2021:15:54:33 +0000] "POST /products HTTP/1.1" 403 - "-" "Mozilla/5.0 (X11; Linux x86_64) AppleWebKit/537.36 (KHTML, like Gecko) Chrome/89.0.4389.128 Safari/537.36"
::1 - - [02/Sep/2021:16:02:35 +0000] "GET / HTTP/1.1" 200 - "-" "Mozilla/5.0 (X11; Linux x86_64) AppleWebKit/537.36 (KHTML, like Gecko) Chrome/89.0.4389.128 Safari/537.36"
::1 - - [02/Sep/2021:16:02:35 +0000] "GET /js/main.js HTTP/1.1" 200 519 "http://localhost:3000/" "Mozilla/5.0 (X11; Linux x86_64) AppleWebKit/537.36 (KHTML, like Gecko) Chrome/89.0.4389.128 Safari/537.36"
::1 - - [02/Sep/2021:16:02:35 +0000] "GET /css/main.css HTTP/1.1" 200 - "http://localhost:3000/" "Mozilla/5.0 (X11; Linux x86_64) AppleWebKit/537.36 (KHTML, like Gecko) Chrome/89.0.4389.128 Safari/537.36"
::1 - - [02/Sep/2021:16:02:35 +0000] "GET /css/product.css HTTP/1.1" 200 415 "http://localhost:3000/" "Mozilla/5.0 (X11; Linux x86_64) AppleWebKit/537.36 (KHTML, like Gecko) Chrome/89.0.4389.128 Safari/537.36"
::1 - - [02/Sep/2021:16:02:37 +0000] "GET /favicon.ico HTTP/1.1" 404 - "http://localhost:3000/" "Mozilla/5.0 (X11; Linux x86_64) AppleWebKit/537.36 (KHTML, like Gecko) Chrome/89.0.4389.128 Safari/537.36"
::1 - - [02/Sep/2021:16:02:40 +0000] "GET /products HTTP/1.1" 200 - "http://localhost:3000/" "Mozilla/5.0 (X11; Linux x86_64) AppleWebKit/537.36 (KHTML, like Gecko) Chrome/89.0.4389.128 Safari/537.36"
::1 - - [02/Sep/2021:16:02:40 +0000] "GET /css/main.css HTTP/1.1" 304 - "http://localhost:3000/products" "Mozilla/5.0 (X11; Linux x86_64) AppleWebKit/537.36 (KHTML, like Gecko) Chrome/89.0.4389.128 Safari/537.36"
::1 - - [02/Sep/2021:16:02:40 +0000] "GET /css/product.css HTTP/1.1" 304 - "http://localhost:3000/products" "Mozilla/5.0 (X11; Linux x86_64) AppleWebKit/537.36 (KHTML, like Gecko) Chrome/89.0.4389.128 Safari/537.36"
::1 - - [02/Sep/2021:16:02:40 +0000] "GET /js/main.js HTTP/1.1" 304 - "http://localhost:3000/products" "Mozilla/5.0 (X11; Linux x86_64) AppleWebKit/537.36 (KHTML, like Gecko) Chrome/89.0.4389.128 Safari/537.36"
::1 - - [02/Sep/2021:16:02:40 +0000] "GET /images/2021-08-30T17:46:22.689Z-Tree-love.jpg HTTP/1.1" 200 74206 "http://localhost:3000/products" "Mozilla/5.0 (X11; Linux x86_64) AppleWebKit/537.36 (KHTML, like Gecko) Chrome/89.0.4389.128 Safari/537.36"
::1 - - [02/Sep/2021:16:02:40 +0000] "GET /images/2021-08-30T17:47:41.750Z-sunrise.jpg HTTP/1.1" 200 36452 "http://localhost:3000/products" "Mozilla/5.0 (X11; Linux x86_64) AppleWebKit/537.36 (KHTML, like Gecko) Chrome/89.0.4389.128 Safari/537.36"
::1 - - [02/Sep/2021:16:02:40 +0000] "GET /images/2021-08-30T17:48:38.183Z-village.jpeg HTTP/1.1" 200 9893 "http://localhost:3000/products" "Mozilla/5.0 (X11; Linux x86_64) AppleWebKit/537.36 (KHTML, like Gecko) Chrome/89.0.4389.128 Safari/537.36"
::1 - - [02/Sep/2021:16:02:44 +0000] "GET /cart HTTP/1.1" 200 - "http://localhost:3000/products" "Mozilla/5.0 (X11; Linux x86_64) AppleWebKit/537.36 (KHTML, like Gecko) Chrome/89.0.4389.128 Safari/537.36"
::1 - - [02/Sep/2021:16:02:44 +0000] "GET /css/main.css HTTP/1.1" 304 - "http://localhost:3000/cart" "Mozilla/5.0 (X11; Linux x86_64) AppleWebKit/537.36 (KHTML, like Gecko) Chrome/89.0.4389.128 Safari/537.36"
::1 - - [02/Sep/2021:16:02:44 +0000] "GET /js/main.js HTTP/1.1" 304 - "http://localhost:3000/cart" "Mozilla/5.0 (X11; Linux x86_64) AppleWebKit/537.36 (KHTML, like Gecko) Chrome/89.0.4389.128 Safari/537.36"
::1 - - [02/Sep/2021:16:02:44 +0000] "GET /css/cart.css HTTP/1.1" 200 629 "http://localhost:3000/cart" "Mozilla/5.0 (X11; Linux x86_64) AppleWebKit/537.36 (KHTML, like Gecko) Chrome/89.0.4389.128 Safari/537.36"
::1 - - [02/Sep/2021:16:02:46 +0000] "GET /checkout HTTP/1.1" 500 - "http://localhost:3000/cart" "Mozilla/5.0 (X11; Linux x86_64) AppleWebKit/537.36 (KHTML, like Gecko) Chrome/89.0.4389.128 Safari/537.36"
::1 - - [02/Sep/2021:16:03:45 +0000] "GET /checkout HTTP/1.1" - - "http://localhost:3000/cart" "Mozilla/5.0 (X11; Linux x86_64) AppleWebKit/537.36 (KHTML, like Gecko) Chrome/89.0.4389.128 Safari/537.36"
::1 - - [02/Sep/2021:16:04:09 +0000] "GET /checkout HTTP/1.1" 500 - "http://localhost:3000/cart" "Mozilla/5.0 (X11; Linux x86_64) AppleWebKit/537.36 (KHTML, like Gecko) Chrome/89.0.4389.128 Safari/537.36"
::1 - - [02/Sep/2021:16:04:50 +0000] "GET /checkout HTTP/1.1" 200 - "http://localhost:3000/cart" "Mozilla/5.0 (X11; Linux x86_64) AppleWebKit/537.36 (KHTML, like Gecko) Chrome/89.0.4389.128 Safari/537.36"
::1 - - [02/Sep/2021:16:04:50 +0000] "GET /css/main.css HTTP/1.1" 304 - "http://localhost:3000/checkout" "Mozilla/5.0 (X11; Linux x86_64) AppleWebKit/537.36 (KHTML, like Gecko) Chrome/89.0.4389.128 Safari/537.36"
::1 - - [02/Sep/2021:16:04:50 +0000] "GET /css/cart.css HTTP/1.1" 304 - "http://localhost:3000/checkout" "Mozilla/5.0 (X11; Linux x86_64) AppleWebKit/537.36 (KHTML, like Gecko) Chrome/89.0.4389.128 Safari/537.36"
::1 - - [02/Sep/2021:16:04:50 +0000] "GET /js/main.js HTTP/1.1" 304 - "http://localhost:3000/checkout" "Mozilla/5.0 (X11; Linux x86_64) AppleWebKit/537.36 (KHTML, like Gecko) Chrome/89.0.4389.128 Safari/537.36"
::1 - - [02/Sep/2021:16:08:33 +0000] "GET /checkout HTTP/1.1" 200 - "http://localhost:3000/cart" "Mozilla/5.0 (X11; Linux x86_64) AppleWebKit/537.36 (KHTML, like Gecko) Chrome/89.0.4389.128 Safari/537.36"
::1 - - [02/Sep/2021:16:08:33 +0000] "GET /css/main.css HTTP/1.1" 304 - "http://localhost:3000/checkout" "Mozilla/5.0 (X11; Linux x86_64) AppleWebKit/537.36 (KHTML, like Gecko) Chrome/89.0.4389.128 Safari/537.36"
::1 - - [02/Sep/2021:16:08:33 +0000] "GET /css/cart.css HTTP/1.1" 304 - "http://localhost:3000/checkout" "Mozilla/5.0 (X11; Linux x86_64) AppleWebKit/537.36 (KHTML, like Gecko) Chrome/89.0.4389.128 Safari/537.36"
::1 - - [02/Sep/2021:16:08:33 +0000] "GET /js/main.js HTTP/1.1" 304 - "http://localhost:3000/checkout" "Mozilla/5.0 (X11; Linux x86_64) AppleWebKit/537.36 (KHTML, like Gecko) Chrome/89.0.4389.128 Safari/537.36"
::1 - - [02/Sep/2021:16:11:33 +0000] "GET /orders HTTP/1.1" 200 - "http://localhost:3000/cart" "Mozilla/5.0 (X11; Linux x86_64) AppleWebKit/537.36 (KHTML, like Gecko) Chrome/89.0.4389.128 Safari/537.36"
::1 - - [02/Sep/2021:16:11:33 +0000] "GET /css/main.css HTTP/1.1" 304 - "http://localhost:3000/orders" "Mozilla/5.0 (X11; Linux x86_64) AppleWebKit/537.36 (KHTML, like Gecko) Chrome/89.0.4389.128 Safari/537.36"
::1 - - [02/Sep/2021:16:11:33 +0000] "GET /js/main.js HTTP/1.1" 304 - "http://localhost:3000/orders" "Mozilla/5.0 (X11; Linux x86_64) AppleWebKit/537.36 (KHTML, like Gecko) Chrome/89.0.4389.128 Safari/537.36"
::1 - - [02/Sep/2021:16:11:33 +0000] "GET /css/orders.css HTTP/1.1" 200 670 "http://localhost:3000/orders" "Mozilla/5.0 (X11; Linux x86_64) AppleWebKit/537.36 (KHTML, like Gecko) Chrome/89.0.4389.128 Safari/537.36"
::1 - - [02/Sep/2021:16:11:37 +0000] "GET /cart HTTP/1.1" 200 - "http://localhost:3000/orders" "Mozilla/5.0 (X11; Linux x86_64) AppleWebKit/537.36 (KHTML, like Gecko) Chrome/89.0.4389.128 Safari/537.36"
::1 - - [02/Sep/2021:16:11:37 +0000] "GET /css/main.css HTTP/1.1" 304 - "http://localhost:3000/cart" "Mozilla/5.0 (X11; Linux x86_64) AppleWebKit/537.36 (KHTML, like Gecko) Chrome/89.0.4389.128 Safari/537.36"
::1 - - [02/Sep/2021:16:11:37 +0000] "GET /css/cart.css HTTP/1.1" 304 - "http://localhost:3000/cart" "Mozilla/5.0 (X11; Linux x86_64) AppleWebKit/537.36 (KHTML, like Gecko) Chrome/89.0.4389.128 Safari/537.36"
::1 - - [02/Sep/2021:16:11:37 +0000] "GET /js/main.js HTTP/1.1" 304 - "http://localhost:3000/cart" "Mozilla/5.0 (X11; Linux x86_64) AppleWebKit/537.36 (KHTML, like Gecko) Chrome/89.0.4389.128 Safari/537.36"
::1 - - [02/Sep/2021:16:11:41 +0000] "GET / HTTP/1.1" 200 - "http://localhost:3000/cart" "Mozilla/5.0 (X11; Linux x86_64) AppleWebKit/537.36 (KHTML, like Gecko) Chrome/89.0.4389.128 Safari/537.36"
::1 - - [02/Sep/2021:16:11:41 +0000] "GET /css/main.css HTTP/1.1" 304 - "http://localhost:3000/" "Mozilla/5.0 (X11; Linux x86_64) AppleWebKit/537.36 (KHTML, like Gecko) Chrome/89.0.4389.128 Safari/537.36"
::1 - - [02/Sep/2021:16:11:41 +0000] "GET /css/product.css HTTP/1.1" 304 - "http://localhost:3000/" "Mozilla/5.0 (X11; Linux x86_64) AppleWebKit/537.36 (KHTML, like Gecko) Chrome/89.0.4389.128 Safari/537.36"
::1 - - [02/Sep/2021:16:11:41 +0000] "GET /js/main.js HTTP/1.1" 304 - "http://localhost:3000/" "Mozilla/5.0 (X11; Linux x86_64) AppleWebKit/537.36 (KHTML, like Gecko) Chrome/89.0.4389.128 Safari/537.36"
::1 - - [02/Sep/2021:16:11:45 +0000] "POST /logout HTTP/1.1" 302 46 "http://localhost:3000/" "Mozilla/5.0 (X11; Linux x86_64) AppleWebKit/537.36 (KHTML, like Gecko) Chrome/89.0.4389.128 Safari/537.36"
::1 - - [02/Sep/2021:16:11:45 +0000] "GET / HTTP/1.1" 200 - "http://localhost:3000/" "Mozilla/5.0 (X11; Linux x86_64) AppleWebKit/537.36 (KHTML, like Gecko) Chrome/89.0.4389.128 Safari/537.36"
::1 - - [02/Sep/2021:16:11:45 +0000] "GET /css/main.css HTTP/1.1" 304 - "http://localhost:3000/" "Mozilla/5.0 (X11; Linux x86_64) AppleWebKit/537.36 (KHTML, like Gecko) Chrome/89.0.4389.128 Safari/537.36"
::1 - - [02/Sep/2021:16:11:45 +0000] "GET /css/product.css HTTP/1.1" 304 - "http://localhost:3000/" "Mozilla/5.0 (X11; Linux x86_64) AppleWebKit/537.36 (KHTML, like Gecko) Chrome/89.0.4389.128 Safari/537.36"
::1 - - [02/Sep/2021:16:11:45 +0000] "GET /js/main.js HTTP/1.1" 304 - "http://localhost:3000/" "Mozilla/5.0 (X11; Linux x86_64) AppleWebKit/537.36 (KHTML, like Gecko) Chrome/89.0.4389.128 Safari/537.36"
::1 - - [02/Sep/2021:16:36:25 +0000] "GET / HTTP/1.1" 304 - "http://localhost:3000/" "Mozilla/5.0 (X11; Linux x86_64) AppleWebKit/537.36 (KHTML, like Gecko) Chrome/89.0.4389.128 Safari/537.36"
::1 - - [02/Sep/2021:16:36:25 +0000] "GET /css/main.css HTTP/1.1" 304 - "http://localhost:3000/" "Mozilla/5.0 (X11; Linux x86_64) AppleWebKit/537.36 (KHTML, like Gecko) Chrome/89.0.4389.128 Safari/537.36"
::1 - - [02/Sep/2021:16:36:25 +0000] "GET /css/product.css HTTP/1.1" 304 - "http://localhost:3000/" "Mozilla/5.0 (X11; Linux x86_64) AppleWebKit/537.36 (KHTML, like Gecko) Chrome/89.0.4389.128 Safari/537.36"
::1 - - [02/Sep/2021:16:36:25 +0000] "GET /js/main.js HTTP/1.1" 304 - "http://localhost:3000/" "Mozilla/5.0 (X11; Linux x86_64) AppleWebKit/537.36 (KHTML, like Gecko) Chrome/89.0.4389.128 Safari/537.36"
::1 - - [02/Sep/2021:16:36:28 +0000] "GET /products HTTP/1.1" 200 - "http://localhost:3000/" "Mozilla/5.0 (X11; Linux x86_64) AppleWebKit/537.36 (KHTML, like Gecko) Chrome/89.0.4389.128 Safari/537.36"
::1 - - [02/Sep/2021:16:36:28 +0000] "GET /css/main.css HTTP/1.1" 304 - "http://localhost:3000/products" "Mozilla/5.0 (X11; Linux x86_64) AppleWebKit/537.36 (KHTML, like Gecko) Chrome/89.0.4389.128 Safari/537.36"
::1 - - [02/Sep/2021:16:36:28 +0000] "GET /css/product.css HTTP/1.1" 304 - "http://localhost:3000/products" "Mozilla/5.0 (X11; Linux x86_64) AppleWebKit/537.36 (KHTML, like Gecko) Chrome/89.0.4389.128 Safari/537.36"
::1 - - [02/Sep/2021:16:36:28 +0000] "GET /js/main.js HTTP/1.1" 304 - "http://localhost:3000/products" "Mozilla/5.0 (X11; Linux x86_64) AppleWebKit/537.36 (KHTML, like Gecko) Chrome/89.0.4389.128 Safari/537.36"
::1 - - [02/Sep/2021:16:36:28 +0000] "GET /images/2021-08-30T17:34:03.500Z-canvas.jpg HTTP/1.1" 200 49248 "http://localhost:3000/products" "Mozilla/5.0 (X11; Linux x86_64) AppleWebKit/537.36 (KHTML, like Gecko) Chrome/89.0.4389.128 Safari/537.36"
::1 - - [02/Sep/2021:16:36:28 +0000] "GET /images/2021-08-30T17:32:21.506Z-mountains.jpg HTTP/1.1" 200 86836 "http://localhost:3000/products" "Mozilla/5.0 (X11; Linux x86_64) AppleWebKit/537.36 (KHTML, like Gecko) Chrome/89.0.4389.128 Safari/537.36"
::1 - - [02/Sep/2021:16:36:28 +0000] "GET /images/2021-08-30T17:34:45.872Z-river.jpeg HTTP/1.1" 200 11791 "http://localhost:3000/products" "Mozilla/5.0 (X11; Linux x86_64) AppleWebKit/537.36 (KHTML, like Gecko) Chrome/89.0.4389.128 Safari/537.36"
::1 - - [02/Sep/2021:16:36:28 +0000] "GET /images/2021-08-30T17:33:08.490Z-Forest.jpg HTTP/1.1" 200 263160 "http://localhost:3000/products" "Mozilla/5.0 (X11; Linux x86_64) AppleWebKit/537.36 (KHTML, like Gecko) Chrome/89.0.4389.128 Safari/537.36"
::1 - - [02/Sep/2021:16:36:29 +0000] "GET /products/612d16253adda4c368e11356 HTTP/1.1" 200 - "http://localhost:3000/products" "Mozilla/5.0 (X11; Linux x86_64) AppleWebKit/537.36 (KHTML, like Gecko) Chrome/89.0.4389.128 Safari/537.36"
::1 - - [02/Sep/2021:16:36:29 +0000] "GET /css/main.css HTTP/1.1" 304 - "http://localhost:3000/products/612d16253adda4c368e11356" "Mozilla/5.0 (X11; Linux x86_64) AppleWebKit/537.36 (KHTML, like Gecko) Chrome/89.0.4389.128 Safari/537.36"
::1 - - [02/Sep/2021:16:36:29 +0000] "GET /images/2021-08-30T17:32:21.506Z-mountains.jpg HTTP/1.1" 304 - "http://localhost:3000/products/612d16253adda4c368e11356" "Mozilla/5.0 (X11; Linux x86_64) AppleWebKit/537.36 (KHTML, like Gecko) Chrome/89.0.4389.128 Safari/537.36"
::1 - - [02/Sep/2021:16:36:29 +0000] "GET /js/main.js HTTP/1.1" 304 - "http://localhost:3000/products/612d16253adda4c368e11356" "Mozilla/5.0 (X11; Linux x86_64) AppleWebKit/537.36 (KHTML, like Gecko) Chrome/89.0.4389.128 Safari/537.36"
::1 - - [02/Sep/2021:16:43:02 +0000] "GET /products HTTP/1.1" 304 - "http://localhost:3000/products/612d16253adda4c368e11356" "Mozilla/5.0 (X11; Linux x86_64) AppleWebKit/537.36 (KHTML, like Gecko) Chrome/89.0.4389.128 Safari/537.36"
::1 - - [02/Sep/2021:16:43:02 +0000] "GET /css/main.css HTTP/1.1" 304 - "http://localhost:3000/products" "Mozilla/5.0 (X11; Linux x86_64) AppleWebKit/537.36 (KHTML, like Gecko) Chrome/89.0.4389.128 Safari/537.36"
::1 - - [02/Sep/2021:16:43:02 +0000] "GET /css/product.css HTTP/1.1" 304 - "http://localhost:3000/products" "Mozilla/5.0 (X11; Linux x86_64) AppleWebKit/537.36 (KHTML, like Gecko) Chrome/89.0.4389.128 Safari/537.36"
::1 - - [02/Sep/2021:16:43:02 +0000] "GET /js/main.js HTTP/1.1" 304 - "http://localhost:3000/products" "Mozilla/5.0 (X11; Linux x86_64) AppleWebKit/537.36 (KHTML, like Gecko) Chrome/89.0.4389.128 Safari/537.36"
::1 - - [02/Sep/2021:16:43:02 +0000] "GET /images/2021-08-30T17:32:21.506Z-mountains.jpg HTTP/1.1" 304 - "http://localhost:3000/products" "Mozilla/5.0 (X11; Linux x86_64) AppleWebKit/537.36 (KHTML, like Gecko) Chrome/89.0.4389.128 Safari/537.36"
::1 - - [02/Sep/2021:16:43:02 +0000] "GET /images/2021-08-30T17:33:08.490Z-Forest.jpg HTTP/1.1" 304 - "http://localhost:3000/products" "Mozilla/5.0 (X11; Linux x86_64) AppleWebKit/537.36 (KHTML, like Gecko) Chrome/89.0.4389.128 Safari/537.36"
::1 - - [02/Sep/2021:16:43:02 +0000] "GET /images/2021-08-30T17:34:03.500Z-canvas.jpg HTTP/1.1" 304 - "http://localhost:3000/products" "Mozilla/5.0 (X11; Linux x86_64) AppleWebKit/537.36 (KHTML, like Gecko) Chrome/89.0.4389.128 Safari/537.36"
::1 - - [02/Sep/2021:16:43:02 +0000] "GET /images/2021-08-30T17:34:45.872Z-river.jpeg HTTP/1.1" 304 - "http://localhost:3000/products" "Mozilla/5.0 (X11; Linux x86_64) AppleWebKit/537.36 (KHTML, like Gecko) Chrome/89.0.4389.128 Safari/537.36"
::1 - - [02/Sep/2021:16:43:05 +0000] "GET /products/612d16253adda4c368e11356 HTTP/1.1" 304 - "http://localhost:3000/products" "Mozilla/5.0 (X11; Linux x86_64) AppleWebKit/537.36 (KHTML, like Gecko) Chrome/89.0.4389.128 Safari/537.36"
::1 - - [02/Sep/2021:16:43:05 +0000] "GET /css/main.css HTTP/1.1" 304 - "http://localhost:3000/products/612d16253adda4c368e11356" "Mozilla/5.0 (X11; Linux x86_64) AppleWebKit/537.36 (KHTML, like Gecko) Chrome/89.0.4389.128 Safari/537.36"
::1 - - [02/Sep/2021:16:43:05 +0000] "GET /images/2021-08-30T17:32:21.506Z-mountains.jpg HTTP/1.1" 304 - "http://localhost:3000/products/612d16253adda4c368e11356" "Mozilla/5.0 (X11; Linux x86_64) AppleWebKit/537.36 (KHTML, like Gecko) Chrome/89.0.4389.128 Safari/537.36"
::1 - - [02/Sep/2021:16:43:05 +0000] "GET /js/main.js HTTP/1.1" 304 - "http://localhost:3000/products/612d16253adda4c368e11356" "Mozilla/5.0 (X11; Linux x86_64) AppleWebKit/537.36 (KHTML, like Gecko) Chrome/89.0.4389.128 Safari/537.36"
::1 - - [02/Sep/2021:16:43:08 +0000] "GET /login HTTP/1.1" 200 - "http://localhost:3000/products/612d16253adda4c368e11356" "Mozilla/5.0 (X11; Linux x86_64) AppleWebKit/537.36 (KHTML, like Gecko) Chrome/89.0.4389.128 Safari/537.36"
::1 - - [02/Sep/2021:16:43:08 +0000] "GET /css/main.css HTTP/1.1" 304 - "http://localhost:3000/login" "Mozilla/5.0 (X11; Linux x86_64) AppleWebKit/537.36 (KHTML, like Gecko) Chrome/89.0.4389.128 Safari/537.36"
::1 - - [02/Sep/2021:16:43:08 +0000] "GET /css/forms.css HTTP/1.1" 200 841 "http://localhost:3000/login" "Mozilla/5.0 (X11; Linux x86_64) AppleWebKit/537.36 (KHTML, like Gecko) Chrome/89.0.4389.128 Safari/537.36"
::1 - - [02/Sep/2021:16:43:08 +0000] "GET /css/auth.css HTTP/1.1" 200 93 "http://localhost:3000/login" "Mozilla/5.0 (X11; Linux x86_64) AppleWebKit/537.36 (KHTML, like Gecko) Chrome/89.0.4389.128 Safari/537.36"
::1 - - [02/Sep/2021:16:43:08 +0000] "GET /js/main.js HTTP/1.1" 304 - "http://localhost:3000/login" "Mozilla/5.0 (X11; Linux x86_64) AppleWebKit/537.36 (KHTML, like Gecko) Chrome/89.0.4389.128 Safari/537.36"
::1 - - [02/Sep/2021:16:43:16 +0000] "POST /login HTTP/1.1" 302 46 "http://localhost:3000/login" "Mozilla/5.0 (X11; Linux x86_64) AppleWebKit/537.36 (KHTML, like Gecko) Chrome/89.0.4389.128 Safari/537.36"
::1 - - [02/Sep/2021:16:43:16 +0000] "GET / HTTP/1.1" 200 - "http://localhost:3000/login" "Mozilla/5.0 (X11; Linux x86_64) AppleWebKit/537.36 (KHTML, like Gecko) Chrome/89.0.4389.128 Safari/537.36"
::1 - - [02/Sep/2021:16:43:16 +0000] "GET /css/main.css HTTP/1.1" 304 - "http://localhost:3000/" "Mozilla/5.0 (X11; Linux x86_64) AppleWebKit/537.36 (KHTML, like Gecko) Chrome/89.0.4389.128 Safari/537.36"
::1 - - [02/Sep/2021:16:43:16 +0000] "GET /css/product.css HTTP/1.1" 304 - "http://localhost:3000/" "Mozilla/5.0 (X11; Linux x86_64) AppleWebKit/537.36 (KHTML, like Gecko) Chrome/89.0.4389.128 Safari/537.36"
::1 - - [02/Sep/2021:16:43:16 +0000] "GET /js/main.js HTTP/1.1" 304 - "http://localhost:3000/" "Mozilla/5.0 (X11; Linux x86_64) AppleWebKit/537.36 (KHTML, like Gecko) Chrome/89.0.4389.128 Safari/537.36"
::1 - - [02/Sep/2021:16:43:19 +0000] "GET /products HTTP/1.1" 200 - "http://localhost:3000/" "Mozilla/5.0 (X11; Linux x86_64) AppleWebKit/537.36 (KHTML, like Gecko) Chrome/89.0.4389.128 Safari/537.36"
::1 - - [02/Sep/2021:16:43:19 +0000] "GET /css/main.css HTTP/1.1" 304 - "http://localhost:3000/products" "Mozilla/5.0 (X11; Linux x86_64) AppleWebKit/537.36 (KHTML, like Gecko) Chrome/89.0.4389.128 Safari/537.36"
::1 - - [02/Sep/2021:16:43:19 +0000] "GET /css/product.css HTTP/1.1" 304 - "http://localhost:3000/products" "Mozilla/5.0 (X11; Linux x86_64) AppleWebKit/537.36 (KHTML, like Gecko) Chrome/89.0.4389.128 Safari/537.36"
::1 - - [02/Sep/2021:16:43:19 +0000] "GET /js/main.js HTTP/1.1" 304 - "http://localhost:3000/products" "Mozilla/5.0 (X11; Linux x86_64) AppleWebKit/537.36 (KHTML, like Gecko) Chrome/89.0.4389.128 Safari/537.36"
::1 - - [02/Sep/2021:16:43:19 +0000] "GET /images/2021-08-30T17:46:22.689Z-Tree-love.jpg HTTP/1.1" 304 - "http://localhost:3000/products" "Mozilla/5.0 (X11; Linux x86_64) AppleWebKit/537.36 (KHTML, like Gecko) Chrome/89.0.4389.128 Safari/537.36"
::1 - - [02/Sep/2021:16:43:19 +0000] "GET /images/2021-08-30T17:47:41.750Z-sunrise.jpg HTTP/1.1" 304 - "http://localhost:3000/products" "Mozilla/5.0 (X11; Linux x86_64) AppleWebKit/537.36 (KHTML, like Gecko) Chrome/89.0.4389.128 Safari/537.36"
::1 - - [02/Sep/2021:16:43:19 +0000] "GET /images/2021-08-30T17:48:38.183Z-village.jpeg HTTP/1.1" 304 - "http://localhost:3000/products" "Mozilla/5.0 (X11; Linux x86_64) AppleWebKit/537.36 (KHTML, like Gecko) Chrome/89.0.4389.128 Safari/537.36"
::1 - - [02/Sep/2021:16:43:21 +0000] "GET /products/612d196e83d9e53a697e8fd1 HTTP/1.1" 200 - "http://localhost:3000/products" "Mozilla/5.0 (X11; Linux x86_64) AppleWebKit/537.36 (KHTML, like Gecko) Chrome/89.0.4389.128 Safari/537.36"
::1 - - [02/Sep/2021:16:43:21 +0000] "GET /css/main.css HTTP/1.1" 304 - "http://localhost:3000/products/612d196e83d9e53a697e8fd1" "Mozilla/5.0 (X11; Linux x86_64) AppleWebKit/537.36 (KHTML, like Gecko) Chrome/89.0.4389.128 Safari/537.36"
::1 - - [02/Sep/2021:16:43:21 +0000] "GET /js/main.js HTTP/1.1" 304 - "http://localhost:3000/products/612d196e83d9e53a697e8fd1" "Mozilla/5.0 (X11; Linux x86_64) AppleWebKit/537.36 (KHTML, like Gecko) Chrome/89.0.4389.128 Safari/537.36"
::1 - - [02/Sep/2021:16:43:21 +0000] "GET /images/2021-08-30T17:46:22.689Z-Tree-love.jpg HTTP/1.1" 304 - "http://localhost:3000/products/612d196e83d9e53a697e8fd1" "Mozilla/5.0 (X11; Linux x86_64) AppleWebKit/537.36 (KHTML, like Gecko) Chrome/89.0.4389.128 Safari/537.36"
::1 - - [02/Sep/2021:16:45:11 +0000] "GET /products/612d196e83d9e53a697e8fd1 HTTP/1.1" - - "http://localhost:3000/products" "Mozilla/5.0 (X11; Linux x86_64) AppleWebKit/537.36 (KHTML, like Gecko) Chrome/89.0.4389.128 Safari/537.36"
::1 - - [02/Sep/2021:16:45:11 +0000] "GET /products HTTP/1.1" - - "http://localhost:3000/products/612d196e83d9e53a697e8fd1" "Mozilla/5.0 (X11; Linux x86_64) AppleWebKit/537.36 (KHTML, like Gecko) Chrome/89.0.4389.128 Safari/537.36"
::1 - - [02/Sep/2021:16:45:15 +0000] "GET /products HTTP/1.1" - - "http://localhost:3000/products/612d196e83d9e53a697e8fd1" "Mozilla/5.0 (X11; Linux x86_64) AppleWebKit/537.36 (KHTML, like Gecko) Chrome/89.0.4389.128 Safari/537.36"
::1 - - [02/Sep/2021:16:45:17 +0000] "GET /products HTTP/1.1" - - "http://localhost:3000/" "Mozilla/5.0 (X11; Linux x86_64) AppleWebKit/537.36 (KHTML, like Gecko) Chrome/89.0.4389.128 Safari/537.36"
::1 - - [02/Sep/2021:16:45:32 +0000] "GET /products HTTP/1.1" 200 - "http://localhost:3000/" "Mozilla/5.0 (X11; Linux x86_64) AppleWebKit/537.36 (KHTML, like Gecko) Chrome/89.0.4389.128 Safari/537.36"
::1 - - [02/Sep/2021:16:45:32 +0000] "GET /css/main.css HTTP/1.1" 304 - "http://localhost:3000/products" "Mozilla/5.0 (X11; Linux x86_64) AppleWebKit/537.36 (KHTML, like Gecko) Chrome/89.0.4389.128 Safari/537.36"
::1 - - [02/Sep/2021:16:45:32 +0000] "GET /css/product.css HTTP/1.1" 304 - "http://localhost:3000/products" "Mozilla/5.0 (X11; Linux x86_64) AppleWebKit/537.36 (KHTML, like Gecko) Chrome/89.0.4389.128 Safari/537.36"
::1 - - [02/Sep/2021:16:45:32 +0000] "GET /js/main.js HTTP/1.1" 304 - "http://localhost:3000/products" "Mozilla/5.0 (X11; Linux x86_64) AppleWebKit/537.36 (KHTML, like Gecko) Chrome/89.0.4389.128 Safari/537.36"
::1 - - [02/Sep/2021:16:45:32 +0000] "GET /images/2021-08-30T17:46:22.689Z-Tree-love.jpg HTTP/1.1" 304 - "http://localhost:3000/products" "Mozilla/5.0 (X11; Linux x86_64) AppleWebKit/537.36 (KHTML, like Gecko) Chrome/89.0.4389.128 Safari/537.36"
::1 - - [02/Sep/2021:16:45:32 +0000] "GET /images/2021-08-30T17:47:41.750Z-sunrise.jpg HTTP/1.1" 304 - "http://localhost:3000/products" "Mozilla/5.0 (X11; Linux x86_64) AppleWebKit/537.36 (KHTML, like Gecko) Chrome/89.0.4389.128 Safari/537.36"
::1 - - [02/Sep/2021:16:45:32 +0000] "GET /images/2021-08-30T17:48:38.183Z-village.jpeg HTTP/1.1" 304 - "http://localhost:3000/products" "Mozilla/5.0 (X11; Linux x86_64) AppleWebKit/537.36 (KHTML, like Gecko) Chrome/89.0.4389.128 Safari/537.36"
::1 - - [02/Sep/2021:16:45:37 +0000] "GET /products/612d196e83d9e53a697e8fd1 HTTP/1.1" 200 - "http://localhost:3000/products" "Mozilla/5.0 (X11; Linux x86_64) AppleWebKit/537.36 (KHTML, like Gecko) Chrome/89.0.4389.128 Safari/537.36"
::1 - - [02/Sep/2021:16:45:37 +0000] "GET /css/main.css HTTP/1.1" 304 - "http://localhost:3000/products/612d196e83d9e53a697e8fd1" "Mozilla/5.0 (X11; Linux x86_64) AppleWebKit/537.36 (KHTML, like Gecko) Chrome/89.0.4389.128 Safari/537.36"
::1 - - [02/Sep/2021:16:45:37 +0000] "GET /js/main.js HTTP/1.1" 304 - "http://localhost:3000/products/612d196e83d9e53a697e8fd1" "Mozilla/5.0 (X11; Linux x86_64) AppleWebKit/537.36 (KHTML, like Gecko) Chrome/89.0.4389.128 Safari/537.36"
::1 - - [02/Sep/2021:16:45:37 +0000] "GET /images/2021-08-30T17:46:22.689Z-Tree-love.jpg HTTP/1.1" 304 - "http://localhost:3000/products/612d196e83d9e53a697e8fd1" "Mozilla/5.0 (X11; Linux x86_64) AppleWebKit/537.36 (KHTML, like Gecko) Chrome/89.0.4389.128 Safari/537.36"
::1 - - [02/Sep/2021:16:47:29 +0000] "GET /products/612d196e83d9e53a697e8fd1 HTTP/1.1" 200 - "http://localhost:3000/products" "Mozilla/5.0 (X11; Linux x86_64) AppleWebKit/537.36 (KHTML, like Gecko) Chrome/89.0.4389.128 Safari/537.36"
::1 - - [02/Sep/2021:16:47:29 +0000] "GET /css/main.css HTTP/1.1" 304 - "http://localhost:3000/products/612d196e83d9e53a697e8fd1" "Mozilla/5.0 (X11; Linux x86_64) AppleWebKit/537.36 (KHTML, like Gecko) Chrome/89.0.4389.128 Safari/537.36"
::1 - - [02/Sep/2021:16:47:29 +0000] "GET /images/2021-08-30T17:46:22.689Z-Tree-love.jpg HTTP/1.1" 304 - "http://localhost:3000/products/612d196e83d9e53a697e8fd1" "Mozilla/5.0 (X11; Linux x86_64) AppleWebKit/537.36 (KHTML, like Gecko) Chrome/89.0.4389.128 Safari/537.36"
::1 - - [02/Sep/2021:16:47:29 +0000] "GET /js/main.js HTTP/1.1" 304 - "http://localhost:3000/products/612d196e83d9e53a697e8fd1" "Mozilla/5.0 (X11; Linux x86_64) AppleWebKit/537.36 (KHTML, like Gecko) Chrome/89.0.4389.128 Safari/537.36"
::1 - - [02/Sep/2021:16:49:06 +0000] "GET /products/612d196e83d9e53a697e8fd1 HTTP/1.1" 200 - "http://localhost:3000/products" "Mozilla/5.0 (X11; Linux x86_64) AppleWebKit/537.36 (KHTML, like Gecko) Chrome/89.0.4389.128 Safari/537.36"
::1 - - [02/Sep/2021:16:49:06 +0000] "GET /css/main.css HTTP/1.1" 304 - "http://localhost:3000/products/612d196e83d9e53a697e8fd1" "Mozilla/5.0 (X11; Linux x86_64) AppleWebKit/537.36 (KHTML, like Gecko) Chrome/89.0.4389.128 Safari/537.36"
::1 - - [02/Sep/2021:16:49:06 +0000] "GET /images/2021-08-30T17:46:22.689Z-Tree-love.jpg HTTP/1.1" 304 - "http://localhost:3000/products/612d196e83d9e53a697e8fd1" "Mozilla/5.0 (X11; Linux x86_64) AppleWebKit/537.36 (KHTML, like Gecko) Chrome/89.0.4389.128 Safari/537.36"
::1 - - [02/Sep/2021:16:49:06 +0000] "GET /js/main.js HTTP/1.1" 304 - "http://localhost:3000/products/612d196e83d9e53a697e8fd1" "Mozilla/5.0 (X11; Linux x86_64) AppleWebKit/537.36 (KHTML, like Gecko) Chrome/89.0.4389.128 Safari/537.36"
::1 - - [02/Sep/2021:16:55:53 +0000] "GET /products/612d196e83d9e53a697e8fd1 HTTP/1.1" - - "http://localhost:3000/products" "Mozilla/5.0 (X11; Linux x86_64) AppleWebKit/537.36 (KHTML, like Gecko) Chrome/89.0.4389.128 Safari/537.36"
::1 - - [02/Sep/2021:16:56:14 +0000] "GET /products/612d196e83d9e53a697e8fd1 HTTP/1.1" 200 - "http://localhost:3000/products" "Mozilla/5.0 (X11; Linux x86_64) AppleWebKit/537.36 (KHTML, like Gecko) Chrome/89.0.4389.128 Safari/537.36"
::1 - - [02/Sep/2021:16:56:14 +0000] "GET /css/main.css HTTP/1.1" 304 - "http://localhost:3000/products/612d196e83d9e53a697e8fd1" "Mozilla/5.0 (X11; Linux x86_64) AppleWebKit/537.36 (KHTML, like Gecko) Chrome/89.0.4389.128 Safari/537.36"
::1 - - [02/Sep/2021:16:56:14 +0000] "GET /images/2021-08-30T17:46:22.689Z-Tree-love.jpg HTTP/1.1" 304 - "http://localhost:3000/products/612d196e83d9e53a697e8fd1" "Mozilla/5.0 (X11; Linux x86_64) AppleWebKit/537.36 (KHTML, like Gecko) Chrome/89.0.4389.128 Safari/537.36"
::1 - - [02/Sep/2021:16:56:14 +0000] "GET /js/main.js HTTP/1.1" 304 - "http://localhost:3000/products/612d196e83d9e53a697e8fd1" "Mozilla/5.0 (X11; Linux x86_64) AppleWebKit/537.36 (KHTML, like Gecko) Chrome/89.0.4389.128 Safari/537.36"
::1 - - [02/Sep/2021:16:57:52 +0000] "GET / HTTP/1.1" 200 - "http://localhost:3000/products/612d196e83d9e53a697e8fd1" "Mozilla/5.0 (X11; Linux x86_64) AppleWebKit/537.36 (KHTML, like Gecko) Chrome/89.0.4389.128 Safari/537.36"
::1 - - [02/Sep/2021:16:57:52 +0000] "GET /css/main.css HTTP/1.1" 304 - "http://localhost:3000/" "Mozilla/5.0 (X11; Linux x86_64) AppleWebKit/537.36 (KHTML, like Gecko) Chrome/89.0.4389.128 Safari/537.36"
::1 - - [02/Sep/2021:16:57:52 +0000] "GET /css/product.css HTTP/1.1" 304 - "http://localhost:3000/" "Mozilla/5.0 (X11; Linux x86_64) AppleWebKit/537.36 (KHTML, like Gecko) Chrome/89.0.4389.128 Safari/537.36"
::1 - - [02/Sep/2021:16:57:52 +0000] "GET /js/main.js HTTP/1.1" 304 - "http://localhost:3000/" "Mozilla/5.0 (X11; Linux x86_64) AppleWebKit/537.36 (KHTML, like Gecko) Chrome/89.0.4389.128 Safari/537.36"
::1 - - [02/Sep/2021:16:57:55 +0000] "GET /products HTTP/1.1" 200 - "http://localhost:3000/" "Mozilla/5.0 (X11; Linux x86_64) AppleWebKit/537.36 (KHTML, like Gecko) Chrome/89.0.4389.128 Safari/537.36"
::1 - - [02/Sep/2021:16:57:55 +0000] "GET /css/main.css HTTP/1.1" 304 - "http://localhost:3000/products" "Mozilla/5.0 (X11; Linux x86_64) AppleWebKit/537.36 (KHTML, like Gecko) Chrome/89.0.4389.128 Safari/537.36"
::1 - - [02/Sep/2021:16:57:55 +0000] "GET /css/product.css HTTP/1.1" 304 - "http://localhost:3000/products" "Mozilla/5.0 (X11; Linux x86_64) AppleWebKit/537.36 (KHTML, like Gecko) Chrome/89.0.4389.128 Safari/537.36"
::1 - - [02/Sep/2021:16:57:55 +0000] "GET /js/main.js HTTP/1.1" 304 - "http://localhost:3000/products" "Mozilla/5.0 (X11; Linux x86_64) AppleWebKit/537.36 (KHTML, like Gecko) Chrome/89.0.4389.128 Safari/537.36"
::1 - - [02/Sep/2021:16:57:55 +0000] "GET /images/2021-08-30T17:46:22.689Z-Tree-love.jpg HTTP/1.1" 304 - "http://localhost:3000/products" "Mozilla/5.0 (X11; Linux x86_64) AppleWebKit/537.36 (KHTML, like Gecko) Chrome/89.0.4389.128 Safari/537.36"
::1 - - [02/Sep/2021:16:57:55 +0000] "GET /images/2021-08-30T17:47:41.750Z-sunrise.jpg HTTP/1.1" 304 - "http://localhost:3000/products" "Mozilla/5.0 (X11; Linux x86_64) AppleWebKit/537.36 (KHTML, like Gecko) Chrome/89.0.4389.128 Safari/537.36"
::1 - - [02/Sep/2021:16:57:55 +0000] "GET /images/2021-08-30T17:48:38.183Z-village.jpeg HTTP/1.1" 304 - "http://localhost:3000/products" "Mozilla/5.0 (X11; Linux x86_64) AppleWebKit/537.36 (KHTML, like Gecko) Chrome/89.0.4389.128 Safari/537.36"
::1 - - [02/Sep/2021:16:58:06 +0000] "GET /products/612d19bd83d9e53a697e8fde HTTP/1.1" 200 - "http://localhost:3000/products" "Mozilla/5.0 (X11; Linux x86_64) AppleWebKit/537.36 (KHTML, like Gecko) Chrome/89.0.4389.128 Safari/537.36"
::1 - - [02/Sep/2021:16:58:06 +0000] "GET /css/main.css HTTP/1.1" 304 - "http://localhost:3000/products/612d19bd83d9e53a697e8fde" "Mozilla/5.0 (X11; Linux x86_64) AppleWebKit/537.36 (KHTML, like Gecko) Chrome/89.0.4389.128 Safari/537.36"
::1 - - [02/Sep/2021:16:58:06 +0000] "GET /js/main.js HTTP/1.1" 304 - "http://localhost:3000/products/612d19bd83d9e53a697e8fde" "Mozilla/5.0 (X11; Linux x86_64) AppleWebKit/537.36 (KHTML, like Gecko) Chrome/89.0.4389.128 Safari/537.36"
::1 - - [02/Sep/2021:16:58:06 +0000] "GET /images/2021-08-30T17:47:41.750Z-sunrise.jpg HTTP/1.1" 304 - "http://localhost:3000/products/612d19bd83d9e53a697e8fde" "Mozilla/5.0 (X11; Linux x86_64) AppleWebKit/537.36 (KHTML, like Gecko) Chrome/89.0.4389.128 Safari/537.36"
::1 - - [02/Sep/2021:16:58:25 +0000] "POST /logout HTTP/1.1" 302 46 "http://localhost:3000/products/612d19bd83d9e53a697e8fde" "Mozilla/5.0 (X11; Linux x86_64) AppleWebKit/537.36 (KHTML, like Gecko) Chrome/89.0.4389.128 Safari/537.36"
::1 - - [02/Sep/2021:16:58:26 +0000] "GET / HTTP/1.1" 200 - "http://localhost:3000/products/612d19bd83d9e53a697e8fde" "Mozilla/5.0 (X11; Linux x86_64) AppleWebKit/537.36 (KHTML, like Gecko) Chrome/89.0.4389.128 Safari/537.36"
::1 - - [02/Sep/2021:16:58:26 +0000] "GET /css/main.css HTTP/1.1" 304 - "http://localhost:3000/" "Mozilla/5.0 (X11; Linux x86_64) AppleWebKit/537.36 (KHTML, like Gecko) Chrome/89.0.4389.128 Safari/537.36"
::1 - - [02/Sep/2021:16:58:26 +0000] "GET /css/product.css HTTP/1.1" 304 - "http://localhost:3000/" "Mozilla/5.0 (X11; Linux x86_64) AppleWebKit/537.36 (KHTML, like Gecko) Chrome/89.0.4389.128 Safari/537.36"
::1 - - [02/Sep/2021:16:58:26 +0000] "GET /js/main.js HTTP/1.1" 304 - "http://localhost:3000/" "Mozilla/5.0 (X11; Linux x86_64) AppleWebKit/537.36 (KHTML, like Gecko) Chrome/89.0.4389.128 Safari/537.36"
::1 - - [02/Sep/2021:16:58:31 +0000] "GET /products HTTP/1.1" 200 - "http://localhost:3000/" "Mozilla/5.0 (X11; Linux x86_64) AppleWebKit/537.36 (KHTML, like Gecko) Chrome/89.0.4389.128 Safari/537.36"
::1 - - [02/Sep/2021:16:58:31 +0000] "GET /css/main.css HTTP/1.1" 304 - "http://localhost:3000/products" "Mozilla/5.0 (X11; Linux x86_64) AppleWebKit/537.36 (KHTML, like Gecko) Chrome/89.0.4389.128 Safari/537.36"
::1 - - [02/Sep/2021:16:58:31 +0000] "GET /css/product.css HTTP/1.1" 304 - "http://localhost:3000/products" "Mozilla/5.0 (X11; Linux x86_64) AppleWebKit/537.36 (KHTML, like Gecko) Chrome/89.0.4389.128 Safari/537.36"
::1 - - [02/Sep/2021:16:58:31 +0000] "GET /js/main.js HTTP/1.1" 304 - "http://localhost:3000/products" "Mozilla/5.0 (X11; Linux x86_64) AppleWebKit/537.36 (KHTML, like Gecko) Chrome/89.0.4389.128 Safari/537.36"
::1 - - [02/Sep/2021:16:58:31 +0000] "GET /images/2021-08-30T17:32:21.506Z-mountains.jpg HTTP/1.1" 304 - "http://localhost:3000/products" "Mozilla/5.0 (X11; Linux x86_64) AppleWebKit/537.36 (KHTML, like Gecko) Chrome/89.0.4389.128 Safari/537.36"
::1 - - [02/Sep/2021:16:58:31 +0000] "GET /images/2021-08-30T17:33:08.490Z-Forest.jpg HTTP/1.1" 304 - "http://localhost:3000/products" "Mozilla/5.0 (X11; Linux x86_64) AppleWebKit/537.36 (KHTML, like Gecko) Chrome/89.0.4389.128 Safari/537.36"
::1 - - [02/Sep/2021:16:58:31 +0000] "GET /images/2021-08-30T17:34:03.500Z-canvas.jpg HTTP/1.1" 304 - "http://localhost:3000/products" "Mozilla/5.0 (X11; Linux x86_64) AppleWebKit/537.36 (KHTML, like Gecko) Chrome/89.0.4389.128 Safari/537.36"
::1 - - [02/Sep/2021:16:58:31 +0000] "GET /images/2021-08-30T17:34:45.872Z-river.jpeg HTTP/1.1" 304 - "http://localhost:3000/products" "Mozilla/5.0 (X11; Linux x86_64) AppleWebKit/537.36 (KHTML, like Gecko) Chrome/89.0.4389.128 Safari/537.36"
::1 - - [02/Sep/2021:16:58:33 +0000] "GET /products/612d16253adda4c368e11356 HTTP/1.1" 304 - "http://localhost:3000/products" "Mozilla/5.0 (X11; Linux x86_64) AppleWebKit/537.36 (KHTML, like Gecko) Chrome/89.0.4389.128 Safari/537.36"
::1 - - [02/Sep/2021:16:58:33 +0000] "GET /css/main.css HTTP/1.1" 304 - "http://localhost:3000/products/612d16253adda4c368e11356" "Mozilla/5.0 (X11; Linux x86_64) AppleWebKit/537.36 (KHTML, like Gecko) Chrome/89.0.4389.128 Safari/537.36"
::1 - - [02/Sep/2021:16:58:33 +0000] "GET /images/2021-08-30T17:32:21.506Z-mountains.jpg HTTP/1.1" 304 - "http://localhost:3000/products/612d16253adda4c368e11356" "Mozilla/5.0 (X11; Linux x86_64) AppleWebKit/537.36 (KHTML, like Gecko) Chrome/89.0.4389.128 Safari/537.36"
::1 - - [02/Sep/2021:16:58:33 +0000] "GET /js/main.js HTTP/1.1" 304 - "http://localhost:3000/products/612d16253adda4c368e11356" "Mozilla/5.0 (X11; Linux x86_64) AppleWebKit/537.36 (KHTML, like Gecko) Chrome/89.0.4389.128 Safari/537.36"
::1 - - [02/Sep/2021:16:58:58 +0000] "GET / HTTP/1.1" 304 - "http://localhost:3000/products/612d16253adda4c368e11356" "Mozilla/5.0 (X11; Linux x86_64) AppleWebKit/537.36 (KHTML, like Gecko) Chrome/89.0.4389.128 Safari/537.36"
::1 - - [02/Sep/2021:16:58:58 +0000] "GET /css/main.css HTTP/1.1" 304 - "http://localhost:3000/" "Mozilla/5.0 (X11; Linux x86_64) AppleWebKit/537.36 (KHTML, like Gecko) Chrome/89.0.4389.128 Safari/537.36"
::1 - - [02/Sep/2021:16:58:58 +0000] "GET /css/product.css HTTP/1.1" 304 - "http://localhost:3000/" "Mozilla/5.0 (X11; Linux x86_64) AppleWebKit/537.36 (KHTML, like Gecko) Chrome/89.0.4389.128 Safari/537.36"
::1 - - [02/Sep/2021:16:58:58 +0000] "GET /js/main.js HTTP/1.1" 304 - "http://localhost:3000/" "Mozilla/5.0 (X11; Linux x86_64) AppleWebKit/537.36 (KHTML, like Gecko) Chrome/89.0.4389.128 Safari/537.36"
::1 - - [02/Sep/2021:17:01:25 +0000] "GET / HTTP/1.1" 200 - "http://localhost:3000/products/612d16253adda4c368e11356" "Mozilla/5.0 (X11; Linux x86_64) AppleWebKit/537.36 (KHTML, like Gecko) Chrome/89.0.4389.128 Safari/537.36"
::1 - - [02/Sep/2021:17:01:25 +0000] "GET /css/main.css HTTP/1.1" 304 - "http://localhost:3000/" "Mozilla/5.0 (X11; Linux x86_64) AppleWebKit/537.36 (KHTML, like Gecko) Chrome/89.0.4389.128 Safari/537.36"
::1 - - [02/Sep/2021:17:01:25 +0000] "GET /css/product.css HTTP/1.1" 304 - "http://localhost:3000/" "Mozilla/5.0 (X11; Linux x86_64) AppleWebKit/537.36 (KHTML, like Gecko) Chrome/89.0.4389.128 Safari/537.36"
::1 - - [02/Sep/2021:17:01:25 +0000] "GET /js/main.js HTTP/1.1" 304 - "http://localhost:3000/" "Mozilla/5.0 (X11; Linux x86_64) AppleWebKit/537.36 (KHTML, like Gecko) Chrome/89.0.4389.128 Safari/537.36"
::1 - - [02/Sep/2021:17:01:45 +0000] "GET / HTTP/1.1" 200 - "http://localhost:3000/products/612d16253adda4c368e11356" "Mozilla/5.0 (X11; Linux x86_64) AppleWebKit/537.36 (KHTML, like Gecko) Chrome/89.0.4389.128 Safari/537.36"
::1 - - [02/Sep/2021:17:01:45 +0000] "GET /css/main.css HTTP/1.1" 304 - "http://localhost:3000/" "Mozilla/5.0 (X11; Linux x86_64) AppleWebKit/537.36 (KHTML, like Gecko) Chrome/89.0.4389.128 Safari/537.36"
::1 - - [02/Sep/2021:17:01:45 +0000] "GET /css/product.css HTTP/1.1" 304 - "http://localhost:3000/" "Mozilla/5.0 (X11; Linux x86_64) AppleWebKit/537.36 (KHTML, like Gecko) Chrome/89.0.4389.128 Safari/537.36"
::1 - - [02/Sep/2021:17:01:45 +0000] "GET /js/main.js HTTP/1.1" 304 - "http://localhost:3000/" "Mozilla/5.0 (X11; Linux x86_64) AppleWebKit/537.36 (KHTML, like Gecko) Chrome/89.0.4389.128 Safari/537.36"
::1 - - [02/Sep/2021:17:04:03 +0000] "GET / HTTP/1.1" 200 - "http://localhost:3000/products/612d16253adda4c368e11356" "Mozilla/5.0 (X11; Linux x86_64) AppleWebKit/537.36 (KHTML, like Gecko) Chrome/89.0.4389.128 Safari/537.36"
::1 - - [02/Sep/2021:17:04:03 +0000] "GET /css/main.css HTTP/1.1" 200 - "http://localhost:3000/" "Mozilla/5.0 (X11; Linux x86_64) AppleWebKit/537.36 (KHTML, like Gecko) Chrome/89.0.4389.128 Safari/537.36"
::1 - - [02/Sep/2021:17:04:03 +0000] "GET /css/product.css HTTP/1.1" 304 - "http://localhost:3000/" "Mozilla/5.0 (X11; Linux x86_64) AppleWebKit/537.36 (KHTML, like Gecko) Chrome/89.0.4389.128 Safari/537.36"
::1 - - [02/Sep/2021:17:04:03 +0000] "GET /js/main.js HTTP/1.1" 304 - "http://localhost:3000/" "Mozilla/5.0 (X11; Linux x86_64) AppleWebKit/537.36 (KHTML, like Gecko) Chrome/89.0.4389.128 Safari/537.36"
::1 - - [02/Sep/2021:17:04:49 +0000] "GET / HTTP/1.1" 200 - "http://localhost:3000/products/612d16253adda4c368e11356" "Mozilla/5.0 (X11; Linux x86_64) AppleWebKit/537.36 (KHTML, like Gecko) Chrome/89.0.4389.128 Safari/537.36"
::1 - - [02/Sep/2021:17:04:49 +0000] "GET /css/main.css HTTP/1.1" 304 - "http://localhost:3000/" "Mozilla/5.0 (X11; Linux x86_64) AppleWebKit/537.36 (KHTML, like Gecko) Chrome/89.0.4389.128 Safari/537.36"
::1 - - [02/Sep/2021:17:04:49 +0000] "GET /css/product.css HTTP/1.1" 304 - "http://localhost:3000/" "Mozilla/5.0 (X11; Linux x86_64) AppleWebKit/537.36 (KHTML, like Gecko) Chrome/89.0.4389.128 Safari/537.36"
::1 - - [02/Sep/2021:17:04:49 +0000] "GET /js/main.js HTTP/1.1" 304 - "http://localhost:3000/" "Mozilla/5.0 (X11; Linux x86_64) AppleWebKit/537.36 (KHTML, like Gecko) Chrome/89.0.4389.128 Safari/537.36"
::1 - - [02/Sep/2021:17:05:14 +0000] "GET / HTTP/1.1" 200 - "http://localhost:3000/products/612d16253adda4c368e11356" "Mozilla/5.0 (X11; Linux x86_64) AppleWebKit/537.36 (KHTML, like Gecko) Chrome/89.0.4389.128 Safari/537.36"
::1 - - [02/Sep/2021:17:05:14 +0000] "GET /css/main.css HTTP/1.1" 304 - "http://localhost:3000/" "Mozilla/5.0 (X11; Linux x86_64) AppleWebKit/537.36 (KHTML, like Gecko) Chrome/89.0.4389.128 Safari/537.36"
::1 - - [02/Sep/2021:17:05:14 +0000] "GET /css/product.css HTTP/1.1" 304 - "http://localhost:3000/" "Mozilla/5.0 (X11; Linux x86_64) AppleWebKit/537.36 (KHTML, like Gecko) Chrome/89.0.4389.128 Safari/537.36"
::1 - - [02/Sep/2021:17:05:14 +0000] "GET /js/main.js HTTP/1.1" 304 - "http://localhost:3000/" "Mozilla/5.0 (X11; Linux x86_64) AppleWebKit/537.36 (KHTML, like Gecko) Chrome/89.0.4389.128 Safari/537.36"
::1 - - [02/Sep/2021:17:05:55 +0000] "GET / HTTP/1.1" 200 - "http://localhost:3000/products/612d16253adda4c368e11356" "Mozilla/5.0 (X11; Linux x86_64) AppleWebKit/537.36 (KHTML, like Gecko) Chrome/89.0.4389.128 Safari/537.36"
::1 - - [02/Sep/2021:17:05:55 +0000] "GET /css/main.css HTTP/1.1" 304 - "http://localhost:3000/" "Mozilla/5.0 (X11; Linux x86_64) AppleWebKit/537.36 (KHTML, like Gecko) Chrome/89.0.4389.128 Safari/537.36"
::1 - - [02/Sep/2021:17:05:55 +0000] "GET /css/product.css HTTP/1.1" 304 - "http://localhost:3000/" "Mozilla/5.0 (X11; Linux x86_64) AppleWebKit/537.36 (KHTML, like Gecko) Chrome/89.0.4389.128 Safari/537.36"
::1 - - [02/Sep/2021:17:05:55 +0000] "GET /js/main.js HTTP/1.1" 304 - "http://localhost:3000/" "Mozilla/5.0 (X11; Linux x86_64) AppleWebKit/537.36 (KHTML, like Gecko) Chrome/89.0.4389.128 Safari/537.36"
::1 - - [02/Sep/2021:17:06:20 +0000] "GET / HTTP/1.1" 200 - "http://localhost:3000/products/612d16253adda4c368e11356" "Mozilla/5.0 (X11; Linux x86_64) AppleWebKit/537.36 (KHTML, like Gecko) Chrome/89.0.4389.128 Safari/537.36"
::1 - - [02/Sep/2021:17:06:20 +0000] "GET /css/main.css HTTP/1.1" 304 - "http://localhost:3000/" "Mozilla/5.0 (X11; Linux x86_64) AppleWebKit/537.36 (KHTML, like Gecko) Chrome/89.0.4389.128 Safari/537.36"
::1 - - [02/Sep/2021:17:06:20 +0000] "GET /css/product.css HTTP/1.1" 304 - "http://localhost:3000/" "Mozilla/5.0 (X11; Linux x86_64) AppleWebKit/537.36 (KHTML, like Gecko) Chrome/89.0.4389.128 Safari/537.36"
::1 - - [02/Sep/2021:17:06:20 +0000] "GET /js/main.js HTTP/1.1" 304 - "http://localhost:3000/" "Mozilla/5.0 (X11; Linux x86_64) AppleWebKit/537.36 (KHTML, like Gecko) Chrome/89.0.4389.128 Safari/537.36"
::1 - - [02/Sep/2021:17:06:27 +0000] "GET / HTTP/1.1" 200 - "http://localhost:3000/products/612d16253adda4c368e11356" "Mozilla/5.0 (X11; Linux x86_64) AppleWebKit/537.36 (KHTML, like Gecko) Chrome/89.0.4389.128 Safari/537.36"
::1 - - [02/Sep/2021:17:06:27 +0000] "GET /css/main.css HTTP/1.1" 304 - "http://localhost:3000/" "Mozilla/5.0 (X11; Linux x86_64) AppleWebKit/537.36 (KHTML, like Gecko) Chrome/89.0.4389.128 Safari/537.36"
::1 - - [02/Sep/2021:17:06:27 +0000] "GET /css/product.css HTTP/1.1" 304 - "http://localhost:3000/" "Mozilla/5.0 (X11; Linux x86_64) AppleWebKit/537.36 (KHTML, like Gecko) Chrome/89.0.4389.128 Safari/537.36"
::1 - - [02/Sep/2021:17:06:27 +0000] "GET /js/main.js HTTP/1.1" 304 - "http://localhost:3000/" "Mozilla/5.0 (X11; Linux x86_64) AppleWebKit/537.36 (KHTML, like Gecko) Chrome/89.0.4389.128 Safari/537.36"
::1 - - [02/Sep/2021:17:06:35 +0000] "GET / HTTP/1.1" 200 - "http://localhost:3000/products/612d16253adda4c368e11356" "Mozilla/5.0 (X11; Linux x86_64) AppleWebKit/537.36 (KHTML, like Gecko) Chrome/89.0.4389.128 Safari/537.36"
::1 - - [02/Sep/2021:17:06:35 +0000] "GET /css/main.css HTTP/1.1" 304 - "http://localhost:3000/" "Mozilla/5.0 (X11; Linux x86_64) AppleWebKit/537.36 (KHTML, like Gecko) Chrome/89.0.4389.128 Safari/537.36"
::1 - - [02/Sep/2021:17:06:35 +0000] "GET /css/product.css HTTP/1.1" 304 - "http://localhost:3000/" "Mozilla/5.0 (X11; Linux x86_64) AppleWebKit/537.36 (KHTML, like Gecko) Chrome/89.0.4389.128 Safari/537.36"
::1 - - [02/Sep/2021:17:06:35 +0000] "GET /js/main.js HTTP/1.1" 304 - "http://localhost:3000/" "Mozilla/5.0 (X11; Linux x86_64) AppleWebKit/537.36 (KHTML, like Gecko) Chrome/89.0.4389.128 Safari/537.36"
::1 - - [02/Sep/2021:17:26:50 +0000] "GET /products HTTP/1.1" 304 - "http://localhost:3000/" "Mozilla/5.0 (X11; Linux x86_64) AppleWebKit/537.36 (KHTML, like Gecko) Chrome/89.0.4389.128 Safari/537.36"
::1 - - [02/Sep/2021:17:26:50 +0000] "GET /css/main.css HTTP/1.1" 304 - "http://localhost:3000/products" "Mozilla/5.0 (X11; Linux x86_64) AppleWebKit/537.36 (KHTML, like Gecko) Chrome/89.0.4389.128 Safari/537.36"
::1 - - [02/Sep/2021:17:26:50 +0000] "GET /css/product.css HTTP/1.1" 304 - "http://localhost:3000/products" "Mozilla/5.0 (X11; Linux x86_64) AppleWebKit/537.36 (KHTML, like Gecko) Chrome/89.0.4389.128 Safari/537.36"
::1 - - [02/Sep/2021:17:26:50 +0000] "GET /js/main.js HTTP/1.1" 304 - "http://localhost:3000/products" "Mozilla/5.0 (X11; Linux x86_64) AppleWebKit/537.36 (KHTML, like Gecko) Chrome/89.0.4389.128 Safari/537.36"
::1 - - [02/Sep/2021:17:26:50 +0000] "GET /images/2021-08-30T17:32:21.506Z-mountains.jpg HTTP/1.1" 304 - "http://localhost:3000/products" "Mozilla/5.0 (X11; Linux x86_64) AppleWebKit/537.36 (KHTML, like Gecko) Chrome/89.0.4389.128 Safari/537.36"
::1 - - [02/Sep/2021:17:26:50 +0000] "GET /images/2021-08-30T17:33:08.490Z-Forest.jpg HTTP/1.1" 304 - "http://localhost:3000/products" "Mozilla/5.0 (X11; Linux x86_64) AppleWebKit/537.36 (KHTML, like Gecko) Chrome/89.0.4389.128 Safari/537.36"
::1 - - [02/Sep/2021:17:26:50 +0000] "GET /images/2021-08-30T17:34:03.500Z-canvas.jpg HTTP/1.1" 304 - "http://localhost:3000/products" "Mozilla/5.0 (X11; Linux x86_64) AppleWebKit/537.36 (KHTML, like Gecko) Chrome/89.0.4389.128 Safari/537.36"
::1 - - [02/Sep/2021:17:26:50 +0000] "GET /images/2021-08-30T17:34:45.872Z-river.jpeg HTTP/1.1" 304 - "http://localhost:3000/products" "Mozilla/5.0 (X11; Linux x86_64) AppleWebKit/537.36 (KHTML, like Gecko) Chrome/89.0.4389.128 Safari/537.36"
::1 - - [02/Sep/2021:17:26:59 +0000] "GET / HTTP/1.1" 304 - "http://localhost:3000/products" "Mozilla/5.0 (X11; Linux x86_64) AppleWebKit/537.36 (KHTML, like Gecko) Chrome/89.0.4389.128 Safari/537.36"
::1 - - [02/Sep/2021:17:27:00 +0000] "GET /css/main.css HTTP/1.1" 304 - "http://localhost:3000/" "Mozilla/5.0 (X11; Linux x86_64) AppleWebKit/537.36 (KHTML, like Gecko) Chrome/89.0.4389.128 Safari/537.36"
::1 - - [02/Sep/2021:17:27:00 +0000] "GET /css/product.css HTTP/1.1" 304 - "http://localhost:3000/" "Mozilla/5.0 (X11; Linux x86_64) AppleWebKit/537.36 (KHTML, like Gecko) Chrome/89.0.4389.128 Safari/537.36"
::1 - - [02/Sep/2021:17:27:00 +0000] "GET /js/main.js HTTP/1.1" 304 - "http://localhost:3000/" "Mozilla/5.0 (X11; Linux x86_64) AppleWebKit/537.36 (KHTML, like Gecko) Chrome/89.0.4389.128 Safari/537.36"
::1 - - [02/Sep/2021:17:55:56 +0000] "GET / HTTP/1.1" 304 - "-" "Mozilla/5.0 (X11; Linux x86_64) AppleWebKit/537.36 (KHTML, like Gecko) Chrome/89.0.4389.128 Safari/537.36"
::1 - - [02/Sep/2021:17:55:56 +0000] "GET /css/main.css HTTP/1.1" 304 - "http://localhost:3000/" "Mozilla/5.0 (X11; Linux x86_64) AppleWebKit/537.36 (KHTML, like Gecko) Chrome/89.0.4389.128 Safari/537.36"
::1 - - [02/Sep/2021:17:55:56 +0000] "GET /css/product.css HTTP/1.1" 304 - "http://localhost:3000/" "Mozilla/5.0 (X11; Linux x86_64) AppleWebKit/537.36 (KHTML, like Gecko) Chrome/89.0.4389.128 Safari/537.36"
::1 - - [02/Sep/2021:17:55:56 +0000] "GET /js/main.js HTTP/1.1" 304 - "http://localhost:3000/" "Mozilla/5.0 (X11; Linux x86_64) AppleWebKit/537.36 (KHTML, like Gecko) Chrome/89.0.4389.128 Safari/537.36"
::1 - - [02/Sep/2021:17:56:02 +0000] "GET / HTTP/1.1" 304 - "http://localhost:3000/" "Mozilla/5.0 (X11; Linux x86_64) AppleWebKit/537.36 (KHTML, like Gecko) Chrome/89.0.4389.128 Safari/537.36"
::1 - - [02/Sep/2021:17:56:02 +0000] "GET /css/main.css HTTP/1.1" 304 - "http://localhost:3000/" "Mozilla/5.0 (X11; Linux x86_64) AppleWebKit/537.36 (KHTML, like Gecko) Chrome/89.0.4389.128 Safari/537.36"
::1 - - [02/Sep/2021:17:56:02 +0000] "GET /css/product.css HTTP/1.1" 304 - "http://localhost:3000/" "Mozilla/5.0 (X11; Linux x86_64) AppleWebKit/537.36 (KHTML, like Gecko) Chrome/89.0.4389.128 Safari/537.36"
::1 - - [02/Sep/2021:17:56:02 +0000] "GET /js/main.js HTTP/1.1" 304 - "http://localhost:3000/" "Mozilla/5.0 (X11; Linux x86_64) AppleWebKit/537.36 (KHTML, like Gecko) Chrome/89.0.4389.128 Safari/537.36"
::1 - - [02/Sep/2021:17:56:05 +0000] "GET /login HTTP/1.1" 200 - "http://localhost:3000/" "Mozilla/5.0 (X11; Linux x86_64) AppleWebKit/537.36 (KHTML, like Gecko) Chrome/89.0.4389.128 Safari/537.36"
::1 - - [02/Sep/2021:17:56:05 +0000] "GET /css/main.css HTTP/1.1" 304 - "http://localhost:3000/login" "Mozilla/5.0 (X11; Linux x86_64) AppleWebKit/537.36 (KHTML, like Gecko) Chrome/89.0.4389.128 Safari/537.36"
::1 - - [02/Sep/2021:17:56:05 +0000] "GET /css/auth.css HTTP/1.1" 304 - "http://localhost:3000/login" "Mozilla/5.0 (X11; Linux x86_64) AppleWebKit/537.36 (KHTML, like Gecko) Chrome/89.0.4389.128 Safari/537.36"
::1 - - [02/Sep/2021:17:56:05 +0000] "GET /css/forms.css HTTP/1.1" 200 781 "http://localhost:3000/login" "Mozilla/5.0 (X11; Linux x86_64) AppleWebKit/537.36 (KHTML, like Gecko) Chrome/89.0.4389.128 Safari/537.36"
::1 - - [02/Sep/2021:17:56:05 +0000] "GET /js/main.js HTTP/1.1" 304 - "http://localhost:3000/login" "Mozilla/5.0 (X11; Linux x86_64) AppleWebKit/537.36 (KHTML, like Gecko) Chrome/89.0.4389.128 Safari/537.36"
::1 - - [02/Sep/2021:17:56:16 +0000] "POST /login HTTP/1.1" 302 46 "http://localhost:3000/login" "Mozilla/5.0 (X11; Linux x86_64) AppleWebKit/537.36 (KHTML, like Gecko) Chrome/89.0.4389.128 Safari/537.36"
::1 - - [02/Sep/2021:17:56:16 +0000] "GET / HTTP/1.1" 200 - "http://localhost:3000/login" "Mozilla/5.0 (X11; Linux x86_64) AppleWebKit/537.36 (KHTML, like Gecko) Chrome/89.0.4389.128 Safari/537.36"
::1 - - [02/Sep/2021:17:56:16 +0000] "GET /css/main.css HTTP/1.1" 304 - "http://localhost:3000/" "Mozilla/5.0 (X11; Linux x86_64) AppleWebKit/537.36 (KHTML, like Gecko) Chrome/89.0.4389.128 Safari/537.36"
::1 - - [02/Sep/2021:17:56:16 +0000] "GET /css/product.css HTTP/1.1" 304 - "http://localhost:3000/" "Mozilla/5.0 (X11; Linux x86_64) AppleWebKit/537.36 (KHTML, like Gecko) Chrome/89.0.4389.128 Safari/537.36"
::1 - - [02/Sep/2021:17:56:16 +0000] "GET /js/main.js HTTP/1.1" 304 - "http://localhost:3000/" "Mozilla/5.0 (X11; Linux x86_64) AppleWebKit/537.36 (KHTML, like Gecko) Chrome/89.0.4389.128 Safari/537.36"
::1 - - [02/Sep/2021:17:56:20 +0000] "GET /cart HTTP/1.1" 200 - "http://localhost:3000/" "Mozilla/5.0 (X11; Linux x86_64) AppleWebKit/537.36 (KHTML, like Gecko) Chrome/89.0.4389.128 Safari/537.36"
::1 - - [02/Sep/2021:17:56:20 +0000] "GET /css/main.css HTTP/1.1" 304 - "http://localhost:3000/cart" "Mozilla/5.0 (X11; Linux x86_64) AppleWebKit/537.36 (KHTML, like Gecko) Chrome/89.0.4389.128 Safari/537.36"
::1 - - [02/Sep/2021:17:56:20 +0000] "GET /js/main.js HTTP/1.1" 304 - "http://localhost:3000/cart" "Mozilla/5.0 (X11; Linux x86_64) AppleWebKit/537.36 (KHTML, like Gecko) Chrome/89.0.4389.128 Safari/537.36"
::1 - - [02/Sep/2021:17:56:20 +0000] "GET /css/cart.css HTTP/1.1" 200 629 "http://localhost:3000/cart" "Mozilla/5.0 (X11; Linux x86_64) AppleWebKit/537.36 (KHTML, like Gecko) Chrome/89.0.4389.128 Safari/537.36"
::1 - - [02/Sep/2021:17:56:33 +0000] "GET /css/main.css HTTP/1.1" 304 - "http://localhost:3000/cart" "Mozilla/5.0 (X11; Linux x86_64) AppleWebKit/537.36 (KHTML, like Gecko) Chrome/89.0.4389.128 Safari/537.36"
::1 - - [02/Sep/2021:17:56:33 +0000] "GET /css/cart.css HTTP/1.1" 304 - "http://localhost:3000/cart" "Mozilla/5.0 (X11; Linux x86_64) AppleWebKit/537.36 (KHTML, like Gecko) Chrome/89.0.4389.128 Safari/537.36"
::1 - - [02/Sep/2021:17:56:59 +0000] "GET /cart HTTP/1.1" 200 - "http://localhost:3000/" "Mozilla/5.0 (iPhone; CPU iPhone OS 13_2_3 like Mac OS X) AppleWebKit/605.1.15 (KHTML, like Gecko) Version/13.0.3 Mobile/15E148 Safari/604.1"
::1 - - [02/Sep/2021:17:56:59 +0000] "GET /css/main.css HTTP/1.1" 304 - "http://localhost:3000/cart" "Mozilla/5.0 (iPhone; CPU iPhone OS 13_2_3 like Mac OS X) AppleWebKit/605.1.15 (KHTML, like Gecko) Version/13.0.3 Mobile/15E148 Safari/604.1"
::1 - - [02/Sep/2021:17:56:59 +0000] "GET /css/cart.css HTTP/1.1" 200 627 "http://localhost:3000/cart" "Mozilla/5.0 (iPhone; CPU iPhone OS 13_2_3 like Mac OS X) AppleWebKit/605.1.15 (KHTML, like Gecko) Version/13.0.3 Mobile/15E148 Safari/604.1"
::1 - - [02/Sep/2021:17:56:59 +0000] "GET /js/main.js HTTP/1.1" 304 - "http://localhost:3000/cart" "Mozilla/5.0 (iPhone; CPU iPhone OS 13_2_3 like Mac OS X) AppleWebKit/605.1.15 (KHTML, like Gecko) Version/13.0.3 Mobile/15E148 Safari/604.1"
::1 - - [02/Sep/2021:17:57:35 +0000] "GET /cart HTTP/1.1" 200 - "http://localhost:3000/" "Mozilla/5.0 (Linux; Android 8.0.0; Pixel 2 XL Build/OPD1.170816.004) AppleWebKit/537.36 (KHTML, like Gecko) Chrome/89.0.4389.128 Mobile Safari/537.36"
::1 - - [02/Sep/2021:17:57:35 +0000] "GET /css/main.css HTTP/1.1" 304 - "http://localhost:3000/cart" "Mozilla/5.0 (Linux; Android 8.0.0; Pixel 2 XL Build/OPD1.170816.004) AppleWebKit/537.36 (KHTML, like Gecko) Chrome/89.0.4389.128 Mobile Safari/537.36"
::1 - - [02/Sep/2021:17:57:35 +0000] "GET /js/main.js HTTP/1.1" 304 - "http://localhost:3000/cart" "Mozilla/5.0 (Linux; Android 8.0.0; Pixel 2 XL Build/OPD1.170816.004) AppleWebKit/537.36 (KHTML, like Gecko) Chrome/89.0.4389.128 Mobile Safari/537.36"
::1 - - [02/Sep/2021:17:57:35 +0000] "GET /css/cart.css HTTP/1.1" 200 629 "http://localhost:3000/cart" "Mozilla/5.0 (Linux; Android 8.0.0; Pixel 2 XL Build/OPD1.170816.004) AppleWebKit/537.36 (KHTML, like Gecko) Chrome/89.0.4389.128 Mobile Safari/537.36"
::1 - - [02/Sep/2021:17:57:55 +0000] "GET /cart HTTP/1.1" 200 - "http://localhost:3000/" "Mozilla/5.0 (iPhone; CPU iPhone OS 10_3_1 like Mac OS X) AppleWebKit/603.1.30 (KHTML, like Gecko) Version/10.0 Mobile/14E304 Safari/602.1"
::1 - - [02/Sep/2021:17:57:55 +0000] "GET /css/main.css HTTP/1.1" 304 - "http://localhost:3000/cart" "Mozilla/5.0 (iPhone; CPU iPhone OS 10_3_1 like Mac OS X) AppleWebKit/603.1.30 (KHTML, like Gecko) Version/10.0 Mobile/14E304 Safari/602.1"
::1 - - [02/Sep/2021:17:57:55 +0000] "GET /css/cart.css HTTP/1.1" 200 630 "http://localhost:3000/cart" "Mozilla/5.0 (iPhone; CPU iPhone OS 10_3_1 like Mac OS X) AppleWebKit/603.1.30 (KHTML, like Gecko) Version/10.0 Mobile/14E304 Safari/602.1"
::1 - - [02/Sep/2021:17:57:55 +0000] "GET /js/main.js HTTP/1.1" 304 - "http://localhost:3000/cart" "Mozilla/5.0 (iPhone; CPU iPhone OS 10_3_1 like Mac OS X) AppleWebKit/603.1.30 (KHTML, like Gecko) Version/10.0 Mobile/14E304 Safari/602.1"
::1 - - [02/Sep/2021:17:59:40 +0000] "GET /cart HTTP/1.1" 200 - "http://localhost:3000/" "Mozilla/5.0 (iPhone; CPU iPhone OS 10_3_1 like Mac OS X) AppleWebKit/603.1.30 (KHTML, like Gecko) Version/10.0 Mobile/14E304 Safari/602.1"
::1 - - [02/Sep/2021:17:59:40 +0000] "GET /css/main.css HTTP/1.1" 304 - "http://localhost:3000/cart" "Mozilla/5.0 (iPhone; CPU iPhone OS 10_3_1 like Mac OS X) AppleWebKit/603.1.30 (KHTML, like Gecko) Version/10.0 Mobile/14E304 Safari/602.1"
::1 - - [02/Sep/2021:17:59:40 +0000] "GET /css/cart.css HTTP/1.1" 200 627 "http://localhost:3000/cart" "Mozilla/5.0 (iPhone; CPU iPhone OS 10_3_1 like Mac OS X) AppleWebKit/603.1.30 (KHTML, like Gecko) Version/10.0 Mobile/14E304 Safari/602.1"
::1 - - [02/Sep/2021:17:59:40 +0000] "GET /js/main.js HTTP/1.1" 304 - "http://localhost:3000/cart" "Mozilla/5.0 (iPhone; CPU iPhone OS 10_3_1 like Mac OS X) AppleWebKit/603.1.30 (KHTML, like Gecko) Version/10.0 Mobile/14E304 Safari/602.1"
::1 - - [02/Sep/2021:17:59:56 +0000] "GET /cart HTTP/1.1" 200 - "http://localhost:3000/" "Mozilla/5.0 (Linux; U; Android 4.3; en-us; SM-N900T Build/JSS15J) AppleWebKit/534.30 (KHTML, like Gecko) Version/4.0 Mobile Safari/534.30"
::1 - - [02/Sep/2021:17:59:56 +0000] "GET /css/main.css HTTP/1.1" 304 - "http://localhost:3000/cart" "Mozilla/5.0 (Linux; U; Android 4.3; en-us; SM-N900T Build/JSS15J) AppleWebKit/534.30 (KHTML, like Gecko) Version/4.0 Mobile Safari/534.30"
::1 - - [02/Sep/2021:17:59:56 +0000] "GET /css/cart.css HTTP/1.1" 200 629 "http://localhost:3000/cart" "Mozilla/5.0 (Linux; U; Android 4.3; en-us; SM-N900T Build/JSS15J) AppleWebKit/534.30 (KHTML, like Gecko) Version/4.0 Mobile Safari/534.30"
::1 - - [02/Sep/2021:17:59:56 +0000] "GET /js/main.js HTTP/1.1" 304 - "http://localhost:3000/cart" "Mozilla/5.0 (Linux; U; Android 4.3; en-us; SM-N900T Build/JSS15J) AppleWebKit/534.30 (KHTML, like Gecko) Version/4.0 Mobile Safari/534.30"
::1 - - [02/Sep/2021:18:00:55 +0000] "GET /cart HTTP/1.1" 200 - "http://localhost:3000/" "Mozilla/5.0 (Linux; Android 6.0.1; Moto G (4)) AppleWebKit/537.36 (KHTML, like Gecko) Chrome/89.0.4389.128 Mobile Safari/537.36"
::1 - - [02/Sep/2021:18:00:55 +0000] "GET /css/main.css HTTP/1.1" 304 - "http://localhost:3000/cart" "Mozilla/5.0 (Linux; Android 6.0.1; Moto G (4)) AppleWebKit/537.36 (KHTML, like Gecko) Chrome/89.0.4389.128 Mobile Safari/537.36"
::1 - - [02/Sep/2021:18:00:55 +0000] "GET /css/cart.css HTTP/1.1" 200 627 "http://localhost:3000/cart" "Mozilla/5.0 (Linux; Android 6.0.1; Moto G (4)) AppleWebKit/537.36 (KHTML, like Gecko) Chrome/89.0.4389.128 Mobile Safari/537.36"
::1 - - [02/Sep/2021:18:00:55 +0000] "GET /js/main.js HTTP/1.1" 304 - "http://localhost:3000/cart" "Mozilla/5.0 (Linux; Android 6.0.1; Moto G (4)) AppleWebKit/537.36 (KHTML, like Gecko) Chrome/89.0.4389.128 Mobile Safari/537.36"
